<?xml version="1.0" encoding="UTF-8"?>
<testsuites>
  <testsuite name="" tests="76" assertions="112" errors="0" warnings="0" failures="0" skipped="0" time="0.150471">
    <testsuite name="Project Test Suite" tests="76" assertions="112" errors="0" warnings="0" failures="0" skipped="0" time="0.150471">
      <testsuite name="App\Card\CardGraphicTest" file="/home/jacobs0/dbwebb-kurser/mvc/me/report/tests/Card/CardGraphicTest.php" tests="4" assertions="4" errors="0" warnings="0" failures="0" skipped="0" time="0.012127">
        <testcase name="testCreateCardGraphicNoArguments" class="App\Card\CardGraphicTest" classname="App.Card.CardGraphicTest" file="/home/jacobs0/dbwebb-kurser/mvc/me/report/tests/Card/CardGraphicTest.php" line="16" assertions="1" time="0.010142"/>
        <testcase name="testSetGetCardGraphicTypeAndValue" class="App\Card\CardGraphicTest" classname="App.Card.CardGraphicTest" file="/home/jacobs0/dbwebb-kurser/mvc/me/report/tests/Card/CardGraphicTest.php" line="25" assertions="1" time="0.001144"/>
        <testcase name="testSetGetCardGraphicValue" class="App\Card\CardGraphicTest" classname="App.Card.CardGraphicTest" file="/home/jacobs0/dbwebb-kurser/mvc/me/report/tests/Card/CardGraphicTest.php" line="42" assertions="1" time="0.000434"/>
        <testcase name="testSetGetCardGraphicAsString" class="App\Card\CardGraphicTest" classname="App.Card.CardGraphicTest" file="/home/jacobs0/dbwebb-kurser/mvc/me/report/tests/Card/CardGraphicTest.php" line="56" assertions="1" time="0.000407"/>
      </testsuite>
      <testsuite name="App\Card\CardHandTest" file="/home/jacobs0/dbwebb-kurser/mvc/me/report/tests/Card/CardHandTest.php" tests="7" assertions="10" errors="0" warnings="0" failures="0" skipped="0" time="0.009863">
        <testcase name="testCreateCardHandNoArguments" class="App\Card\CardHandTest" classname="App.Card.CardHandTest" file="/home/jacobs0/dbwebb-kurser/mvc/me/report/tests/Card/CardHandTest.php" line="16" assertions="1" time="0.001676"/>
        <testcase name="testAddCardToCardHand" class="App\Card\CardHandTest" classname="App.Card.CardHandTest" file="/home/jacobs0/dbwebb-kurser/mvc/me/report/tests/Card/CardHandTest.php" line="25" assertions="1" time="0.001878"/>
        <testcase name="testResetCardHand" class="App\Card\CardHandTest" classname="App.Card.CardHandTest" file="/home/jacobs0/dbwebb-kurser/mvc/me/report/tests/Card/CardHandTest.php" line="45" assertions="1" time="0.000917"/>
        <testcase name="testSumOfCardHand" class="App\Card\CardHandTest" classname="App.Card.CardHandTest" file="/home/jacobs0/dbwebb-kurser/mvc/me/report/tests/Card/CardHandTest.php" line="67" assertions="2" time="0.000909"/>
        <testcase name="testArrayOfValuesOfCardHand" class="App\Card\CardHandTest" classname="App.Card.CardHandTest" file="/home/jacobs0/dbwebb-kurser/mvc/me/report/tests/Card/CardHandTest.php" line="95" assertions="2" time="0.000914"/>
        <testcase name="testStringOfCardsOfCardHand" class="App\Card\CardHandTest" classname="App.Card.CardHandTest" file="/home/jacobs0/dbwebb-kurser/mvc/me/report/tests/Card/CardHandTest.php" line="123" assertions="2" time="0.001801"/>
        <testcase name="testDoubleBetOfCardHand" class="App\Card\CardHandTest" classname="App.Card.CardHandTest" file="/home/jacobs0/dbwebb-kurser/mvc/me/report/tests/Card/CardHandTest.php" line="151" assertions="1" time="0.001766"/>
      </testsuite>
      <testsuite name="App\Card\CardTest" file="/home/jacobs0/dbwebb-kurser/mvc/me/report/tests/Card/CardTest.php" tests="3" assertions="3" errors="0" warnings="0" failures="0" skipped="0" time="0.001330">
        <testcase name="testCreateCardNoArguments" class="App\Card\CardTest" classname="App.Card.CardTest" file="/home/jacobs0/dbwebb-kurser/mvc/me/report/tests/Card/CardTest.php" line="16" assertions="1" time="0.000481"/>
        <testcase name="testSetGetCardTypeAndValue" class="App\Card\CardTest" classname="App.Card.CardTest" file="/home/jacobs0/dbwebb-kurser/mvc/me/report/tests/Card/CardTest.php" line="25" assertions="1" time="0.000422"/>
        <testcase name="testSetGetCardValue" class="App\Card\CardTest" classname="App.Card.CardTest" file="/home/jacobs0/dbwebb-kurser/mvc/me/report/tests/Card/CardTest.php" line="42" assertions="1" time="0.000427"/>
      </testsuite>
      <testsuite name="App\Card\DeckOfCardsTest" file="/home/jacobs0/dbwebb-kurser/mvc/me/report/tests/Card/DeckOfCardsTest.php" tests="8" assertions="9" errors="0" warnings="0" failures="0" skipped="0" time="0.006743">
        <testcase name="testCreateDeckNoArguments" class="App\Card\DeckOfCardsTest" classname="App.Card.DeckOfCardsTest" file="/home/jacobs0/dbwebb-kurser/mvc/me/report/tests/Card/DeckOfCardsTest.php" line="16" assertions="1" time="0.000456"/>
        <testcase name="testInitDeckOfCards" class="App\Card\DeckOfCardsTest" classname="App.Card.DeckOfCardsTest" file="/home/jacobs0/dbwebb-kurser/mvc/me/report/tests/Card/DeckOfCardsTest.php" line="25" assertions="1" time="0.000808"/>
        <testcase name="testInitAndShuffleDeckOfCards" class="App\Card\DeckOfCardsTest" classname="App.Card.DeckOfCardsTest" file="/home/jacobs0/dbwebb-kurser/mvc/me/report/tests/Card/DeckOfCardsTest.php" line="39" assertions="1" time="0.000878"/>
        <testcase name="testDrawCardFromDeckOfCards" class="App\Card\DeckOfCardsTest" classname="App.Card.DeckOfCardsTest" file="/home/jacobs0/dbwebb-kurser/mvc/me/report/tests/Card/DeckOfCardsTest.php" line="55" assertions="1" time="0.000847"/>
        <testcase name="testGetDeckOfCards" class="App\Card\DeckOfCardsTest" classname="App.Card.DeckOfCardsTest" file="/home/jacobs0/dbwebb-kurser/mvc/me/report/tests/Card/DeckOfCardsTest.php" line="71" assertions="1" time="0.000800"/>
        <testcase name="testReturnLengthOfDeckOfCards" class="App\Card\DeckOfCardsTest" classname="App.Card.DeckOfCardsTest" file="/home/jacobs0/dbwebb-kurser/mvc/me/report/tests/Card/DeckOfCardsTest.php" line="87" assertions="2" time="0.000869"/>
        <testcase name="testGetCardValuesOfDeckOfCards" class="App\Card\DeckOfCardsTest" classname="App.Card.DeckOfCardsTest" file="/home/jacobs0/dbwebb-kurser/mvc/me/report/tests/Card/DeckOfCardsTest.php" line="107" assertions="1" time="0.001045"/>
        <testcase name="testGetDeckAsStringFromDeckOfCards" class="App\Card\DeckOfCardsTest" classname="App.Card.DeckOfCardsTest" file="/home/jacobs0/dbwebb-kurser/mvc/me/report/tests/Card/DeckOfCardsTest.php" line="123" assertions="1" time="0.001040"/>
      </testsuite>
      <testsuite name="App\CardGame\CardGameStatsTest" file="/home/jacobs0/dbwebb-kurser/mvc/me/report/tests/CardGame/CardGameStatsTest.php" tests="4" assertions="4" errors="0" warnings="0" failures="0" skipped="0" time="0.007872">
        <testcase name="testCreateCardGameStatsNoArguments" class="App\CardGame\CardGameStatsTest" classname="App.CardGame.CardGameStatsTest" file="/home/jacobs0/dbwebb-kurser/mvc/me/report/tests/CardGame/CardGameStatsTest.php" line="16" assertions="1" time="0.001872"/>
        <testcase name="testGetPlayerPercentage" class="App\CardGame\CardGameStatsTest" classname="App.CardGame.CardGameStatsTest" file="/home/jacobs0/dbwebb-kurser/mvc/me/report/tests/CardGame/CardGameStatsTest.php" line="25" assertions="1" time="0.003463"/>
        <testcase name="testGetGameStatsAsString" class="App\CardGame\CardGameStatsTest" classname="App.CardGame.CardGameStatsTest" file="/home/jacobs0/dbwebb-kurser/mvc/me/report/tests/CardGame/CardGameStatsTest.php" line="44" assertions="1" time="0.001221"/>
        <testcase name="testSetDeckStats" class="App\CardGame\CardGameStatsTest" classname="App.CardGame.CardGameStatsTest" file="/home/jacobs0/dbwebb-kurser/mvc/me/report/tests/CardGame/CardGameStatsTest.php" line="65" assertions="1" time="0.001315"/>
      </testsuite>
      <testsuite name="App\CardGame\CardGameTest" file="/home/jacobs0/dbwebb-kurser/mvc/me/report/tests/CardGame/CardGameTest.php" tests="9" assertions="16" errors="0" warnings="0" failures="0" skipped="0" time="0.017599">
        <testcase name="testCreateCardGameNoArguments" class="App\CardGame\CardGameTest" classname="App.CardGame.CardGameTest" file="/home/jacobs0/dbwebb-kurser/mvc/me/report/tests/CardGame/CardGameTest.php" line="16" assertions="1" time="0.000500"/>
        <testcase name="testPlayNoArguments" class="App\CardGame\CardGameTest" classname="App.CardGame.CardGameTest" file="/home/jacobs0/dbwebb-kurser/mvc/me/report/tests/CardGame/CardGameTest.php" line="25" assertions="1" time="0.003123"/>
        <testcase name="testRestGame" class="App\CardGame\CardGameTest" classname="App.CardGame.CardGameTest" file="/home/jacobs0/dbwebb-kurser/mvc/me/report/tests/CardGame/CardGameTest.php" line="39" assertions="1" time="0.001760"/>
        <testcase name="testHouseDraw" class="App\CardGame\CardGameTest" classname="App.CardGame.CardGameTest" file="/home/jacobs0/dbwebb-kurser/mvc/me/report/tests/CardGame/CardGameTest.php" line="78" assertions="1" time="0.001395"/>
        <testcase name="testGetPlayerHandAsSum" class="App\CardGame\CardGameTest" classname="App.CardGame.CardGameTest" file="/home/jacobs0/dbwebb-kurser/mvc/me/report/tests/CardGame/CardGameTest.php" line="100" assertions="1" time="0.003232"/>
        <testcase name="testGetPlayerHandAsString" class="App\CardGame\CardGameTest" classname="App.CardGame.CardGameTest" file="/home/jacobs0/dbwebb-kurser/mvc/me/report/tests/CardGame/CardGameTest.php" line="124" assertions="1" time="0.000952"/>
        <testcase name="testGetGameStats" class="App\CardGame\CardGameTest" classname="App.CardGame.CardGameTest" file="/home/jacobs0/dbwebb-kurser/mvc/me/report/tests/CardGame/CardGameTest.php" line="140" assertions="2" time="0.001217"/>
        <testcase name="testGetDrawPercentage" class="App\CardGame\CardGameTest" classname="App.CardGame.CardGameTest" file="/home/jacobs0/dbwebb-kurser/mvc/me/report/tests/CardGame/CardGameTest.php" line="157" assertions="4" time="0.002572"/>
        <testcase name="testGetWinner" class="App\CardGame\CardGameTest" classname="App.CardGame.CardGameTest" file="/home/jacobs0/dbwebb-kurser/mvc/me/report/tests/CardGame/CardGameTest.php" line="196" assertions="4" time="0.002847"/>
      </testsuite>
      <testsuite name="App\CardGame\HousePlayerTest" file="/home/jacobs0/dbwebb-kurser/mvc/me/report/tests/CardGame/HousePlayerTest.php" tests="2" assertions="2" errors="0" warnings="0" failures="0" skipped="0" time="0.000923">
        <testcase name="testCreateHousePlayerNoArguments" class="App\CardGame\HousePlayerTest" classname="App.CardGame.HousePlayerTest" file="/home/jacobs0/dbwebb-kurser/mvc/me/report/tests/CardGame/HousePlayerTest.php" line="16" assertions="1" time="0.000471"/>
        <testcase name="testHouseName" class="App\CardGame\HousePlayerTest" classname="App.CardGame.HousePlayerTest" file="/home/jacobs0/dbwebb-kurser/mvc/me/report/tests/CardGame/HousePlayerTest.php" line="25" assertions="1" time="0.000451"/>
      </testsuite>
      <testsuite name="App\CardGame\PlayerTest" file="/home/jacobs0/dbwebb-kurser/mvc/me/report/tests/CardGame/PlayerTest.php" tests="4" assertions="4" errors="0" warnings="0" failures="0" skipped="0" time="0.002851">
        <testcase name="testCreatePlayerNoArguments" class="App\CardGame\PlayerTest" classname="App.CardGame.PlayerTest" file="/home/jacobs0/dbwebb-kurser/mvc/me/report/tests/CardGame/PlayerTest.php" line="16" assertions="1" time="0.000504"/>
        <testcase name="testPlayerName" class="App\CardGame\PlayerTest" classname="App.CardGame.PlayerTest" file="/home/jacobs0/dbwebb-kurser/mvc/me/report/tests/CardGame/PlayerTest.php" line="25" assertions="1" time="0.000442"/>
        <testcase name="testPlayerDrawCard" class="App\CardGame\PlayerTest" classname="App.CardGame.PlayerTest" file="/home/jacobs0/dbwebb-kurser/mvc/me/report/tests/CardGame/PlayerTest.php" line="37" assertions="1" time="0.000957"/>
        <testcase name="testPlayerHandAsString" class="App\CardGame\PlayerTest" classname="App.CardGame.PlayerTest" file="/home/jacobs0/dbwebb-kurser/mvc/me/report/tests/CardGame/PlayerTest.php" line="53" assertions="1" time="0.000948"/>
      </testsuite>
      <testsuite name="App\Dice\DiceGraphicTest" file="/home/jacobs0/dbwebb-kurser/mvc/me/report/tests/Dice/DiceGraphicTest.php" tests="1" assertions="1" errors="0" warnings="0" failures="0" skipped="0" time="0.001068">
        <testcase name="testReturnDiceAsString" class="App\Dice\DiceGraphicTest" classname="App.Dice.DiceGraphicTest" file="/home/jacobs0/dbwebb-kurser/mvc/me/report/tests/Dice/DiceGraphicTest.php" line="15" assertions="1" time="0.001068"/>
      </testsuite>
      <testsuite name="App\Dice\DiceHandTest" file="/home/jacobs0/dbwebb-kurser/mvc/me/report/tests/Dice/DiceHandTest.php" tests="4" assertions="6" errors="0" warnings="0" failures="0" skipped="0" time="0.002916">
        <testcase name="testCreateDiceHandNoArguments" class="App\Dice\DiceHandTest" classname="App.Dice.DiceHandTest" file="/home/jacobs0/dbwebb-kurser/mvc/me/report/tests/Dice/DiceHandTest.php" line="16" assertions="1" time="0.001360"/>
        <testcase name="testAddDiceToDiceHand" class="App\Dice\DiceHandTest" classname="App.Dice.DiceHandTest" file="/home/jacobs0/dbwebb-kurser/mvc/me/report/tests/Dice/DiceHandTest.php" line="25" assertions="1" time="0.000536"/>
        <testcase name="testRollDiceInDiceHandAndGetSum" class="App\Dice\DiceHandTest" classname="App.Dice.DiceHandTest" file="/home/jacobs0/dbwebb-kurser/mvc/me/report/tests/Dice/DiceHandTest.php" line="41" assertions="2" time="0.000517"/>
        <testcase name="testRollDiceInDiceHandAndGetAsString" class="App\Dice\DiceHandTest" classname="App.Dice.DiceHandTest" file="/home/jacobs0/dbwebb-kurser/mvc/me/report/tests/Dice/DiceHandTest.php" line="67" assertions="2" time="0.000503"/>
      </testsuite>
      <testsuite name="App\Dice\DiceTest" file="/home/jacobs0/dbwebb-kurser/mvc/me/report/tests/Dice/DiceTest.php" tests="2" assertions="3" errors="0" warnings="0" failures="0" skipped="0" time="0.001052">
        <testcase name="testCreateDiceNoArguments" class="App\Dice\DiceTest" classname="App.Dice.DiceTest" file="/home/jacobs0/dbwebb-kurser/mvc/me/report/tests/Dice/DiceTest.php" line="16" assertions="1" time="0.000555"/>
        <testcase name="testRollDiceAndGetValue" class="App\Dice\DiceTest" classname="App.Dice.DiceTest" file="/home/jacobs0/dbwebb-kurser/mvc/me/report/tests/Dice/DiceTest.php" line="25" assertions="2" time="0.000497"/>
      </testsuite>
      <testsuite name="App\Project\ProjGameTest" file="/home/jacobs0/dbwebb-kurser/mvc/me/report/tests/Project/ProjGameTest.php" tests="13" assertions="32" errors="0" warnings="0" failures="0" skipped="0" time="0.045569">
        <testcase name="testCreateProjGameNoArguments" class="App\Project\ProjGameTest" classname="App.Project.ProjGameTest" file="/home/jacobs0/dbwebb-kurser/mvc/me/report/tests/Project/ProjGameTest.php" line="17" assertions="1" time="0.001480"/>
        <testcase name="testInitProjGame" class="App\Project\ProjGameTest" classname="App.Project.ProjGameTest" file="/home/jacobs0/dbwebb-kurser/mvc/me/report/tests/Project/ProjGameTest.php" line="26" assertions="3" time="0.004980"/>
        <testcase name="testStartProjGame" class="App\Project\ProjGameTest" classname="App.Project.ProjGameTest" file="/home/jacobs0/dbwebb-kurser/mvc/me/report/tests/Project/ProjGameTest.php" line="41" assertions="1" time="0.003147"/>
        <testcase name="testStartStopProjGame" class="App\Project\ProjGameTest" classname="App.Project.ProjGameTest" file="/home/jacobs0/dbwebb-kurser/mvc/me/report/tests/Project/ProjGameTest.php" line="54" assertions="1" time="0.002919"/>
        <testcase name="testSetDoneProjGame" class="App\Project\ProjGameTest" classname="App.Project.ProjGameTest" file="/home/jacobs0/dbwebb-kurser/mvc/me/report/tests/Project/ProjGameTest.php" line="68" assertions="1" time="0.003481"/>
        <testcase name="testSetUnDoneProjGame" class="App\Project\ProjGameTest" classname="App.Project.ProjGameTest" file="/home/jacobs0/dbwebb-kurser/mvc/me/report/tests/Project/ProjGameTest.php" line="81" assertions="1" time="0.003085"/>
        <testcase name="testAutoPlayProjGame" class="App\Project\ProjGameTest" classname="App.Project.ProjGameTest" file="/home/jacobs0/dbwebb-kurser/mvc/me/report/tests/Project/ProjGameTest.php" line="96" assertions="1" time="0.003105"/>
        <testcase name="testCheckWinnerPlayerNotUnderProjGame" class="App\Project\ProjGameTest" classname="App.Project.ProjGameTest" file="/home/jacobs0/dbwebb-kurser/mvc/me/report/tests/Project/ProjGameTest.php" line="115" assertions="3" time="0.004090"/>
        <testcase name="testCheckWinnerHouseNotUnderProjGame" class="App\Project\ProjGameTest" classname="App.Project.ProjGameTest" file="/home/jacobs0/dbwebb-kurser/mvc/me/report/tests/Project/ProjGameTest.php" line="156" assertions="3" time="0.004635"/>
        <testcase name="testCheckWinnerPlayer21ProjGame" class="App\Project\ProjGameTest" classname="App.Project.ProjGameTest" file="/home/jacobs0/dbwebb-kurser/mvc/me/report/tests/Project/ProjGameTest.php" line="193" assertions="6" time="0.003335"/>
        <testcase name="testCheckWinnerPlayerOrHouseGreaterProjGame" class="App\Project\ProjGameTest" classname="App.Project.ProjGameTest" file="/home/jacobs0/dbwebb-kurser/mvc/me/report/tests/Project/ProjGameTest.php" line="248" assertions="6" time="0.004703"/>
        <testcase name="testCheckWinnerPlayerAndHouseTied" class="App\Project\ProjGameTest" classname="App.Project.ProjGameTest" file="/home/jacobs0/dbwebb-kurser/mvc/me/report/tests/Project/ProjGameTest.php" line="305" assertions="3" time="0.003334"/>
        <testcase name="testSetWinnerProj" class="App\Project\ProjGameTest" classname="App.Project.ProjGameTest" file="/home/jacobs0/dbwebb-kurser/mvc/me/report/tests/Project/ProjGameTest.php" line="348" assertions="2" time="0.003275"/>
      </testsuite>
      <testsuite name="App\Project\ProjPlayerTest" file="/home/jacobs0/dbwebb-kurser/mvc/me/report/tests/Project/ProjPlayerTest.php" tests="15" assertions="18" errors="0" warnings="0" failures="0" skipped="0" time="0.040559">
        <testcase name="testCreateProjPlayerNoArguments" class="App\Project\ProjPlayerTest" classname="App.Project.ProjPlayerTest" file="/home/jacobs0/dbwebb-kurser/mvc/me/report/tests/Project/ProjPlayerTest.php" line="17" assertions="1" time="0.000479"/>
        <testcase name="testSetProjPlayerNoArguments" class="App\Project\ProjPlayerTest" classname="App.Project.ProjPlayerTest" file="/home/jacobs0/dbwebb-kurser/mvc/me/report/tests/Project/ProjPlayerTest.php" line="26" assertions="2" time="0.000461"/>
        <testcase name="testSetProjPlayerArguments" class="App\Project\ProjPlayerTest" classname="App.Project.ProjPlayerTest" file="/home/jacobs0/dbwebb-kurser/mvc/me/report/tests/Project/ProjPlayerTest.php" line="43" assertions="2" time="0.000612"/>
        <testcase name="testSetPlayerHand" class="App\Project\ProjPlayerTest" classname="App.Project.ProjPlayerTest" file="/home/jacobs0/dbwebb-kurser/mvc/me/report/tests/Project/ProjPlayerTest.php" line="60" assertions="1" time="0.003648"/>
        <testcase name="testAddHandWithoutBet" class="App\Project\ProjPlayerTest" classname="App.Project.ProjPlayerTest" file="/home/jacobs0/dbwebb-kurser/mvc/me/report/tests/Project/ProjPlayerTest.php" line="83" assertions="1" time="0.000479"/>
        <testcase name="testDrawCardWithoutBet" class="App\Project\ProjPlayerTest" classname="App.Project.ProjPlayerTest" file="/home/jacobs0/dbwebb-kurser/mvc/me/report/tests/Project/ProjPlayerTest.php" line="100" assertions="1" time="0.003017"/>
        <testcase name="testResetPlayerHand" class="App\Project\ProjPlayerTest" classname="App.Project.ProjPlayerTest" file="/home/jacobs0/dbwebb-kurser/mvc/me/report/tests/Project/ProjPlayerTest.php" line="123" assertions="1" time="0.004176"/>
        <testcase name="testGetActivePlayerHand" class="App\Project\ProjPlayerTest" classname="App.Project.ProjPlayerTest" file="/home/jacobs0/dbwebb-kurser/mvc/me/report/tests/Project/ProjPlayerTest.php" line="148" assertions="1" time="0.003305"/>
        <testcase name="testGetActivePlayerHandIndex" class="App\Project\ProjPlayerTest" classname="App.Project.ProjPlayerTest" file="/home/jacobs0/dbwebb-kurser/mvc/me/report/tests/Project/ProjPlayerTest.php" line="175" assertions="1" time="0.003060"/>
        <testcase name="testCheckPlayerDone" class="App\Project\ProjPlayerTest" classname="App.Project.ProjPlayerTest" file="/home/jacobs0/dbwebb-kurser/mvc/me/report/tests/Project/ProjPlayerTest.php" line="202" assertions="2" time="0.003127"/>
        <testcase name="testSplitPlayerHand" class="App\Project\ProjPlayerTest" classname="App.Project.ProjPlayerTest" file="/home/jacobs0/dbwebb-kurser/mvc/me/report/tests/Project/ProjPlayerTest.php" line="235" assertions="1" time="0.004044"/>
        <testcase name="testReturnAsStringAndSumAndBetPlayerHand" class="App\Project\ProjPlayerTest" classname="App.Project.ProjPlayerTest" file="/home/jacobs0/dbwebb-kurser/mvc/me/report/tests/Project/ProjPlayerTest.php" line="262" assertions="1" time="0.003141"/>
        <testcase name="testGetPlayerCardHandBet" class="App\Project\ProjPlayerTest" classname="App.Project.ProjPlayerTest" file="/home/jacobs0/dbwebb-kurser/mvc/me/report/tests/Project/ProjPlayerTest.php" line="289" assertions="1" time="0.003134"/>
        <testcase name="testSumPlayerHands" class="App\Project\ProjPlayerTest" classname="App.Project.ProjPlayerTest" file="/home/jacobs0/dbwebb-kurser/mvc/me/report/tests/Project/ProjPlayerTest.php" line="310" assertions="1" time="0.004561"/>
        <testcase name="testSumsOfPlayerHands" class="App\Project\ProjPlayerTest" classname="App.Project.ProjPlayerTest" file="/home/jacobs0/dbwebb-kurser/mvc/me/report/tests/Project/ProjPlayerTest.php" line="334" assertions="1" time="0.003316"/>
      </testsuite>
    </testsuite>
  </testsuite>
</testsuites>
