<?xml version="1.0" encoding="UTF-8"?>
<testsuites>
  <testsuite name="" tests="76" assertions="112" errors="0" warnings="0" failures="0" skipped="0" time="0.148175">
    <testsuite name="Project Test Suite" tests="76" assertions="112" errors="0" warnings="0" failures="0" skipped="0" time="0.148175">
      <testsuite name="App\Card\CardGraphicTest" file="/home/jacobs0/dbwebb-kurser/mvc/me/report/tests/Card/CardGraphicTest.php" tests="4" assertions="4" errors="0" warnings="0" failures="0" skipped="0" time="0.014418">
        <testcase name="testCreateCardGraphicNoArguments" class="App\Card\CardGraphicTest" classname="App.Card.CardGraphicTest" file="/home/jacobs0/dbwebb-kurser/mvc/me/report/tests/Card/CardGraphicTest.php" line="16" assertions="1" time="0.011981"/>
        <testcase name="testSetGetCardGraphicTypeAndValue" class="App\Card\CardGraphicTest" classname="App.Card.CardGraphicTest" file="/home/jacobs0/dbwebb-kurser/mvc/me/report/tests/Card/CardGraphicTest.php" line="25" assertions="1" time="0.001430"/>
        <testcase name="testSetGetCardGraphicValue" class="App\Card\CardGraphicTest" classname="App.Card.CardGraphicTest" file="/home/jacobs0/dbwebb-kurser/mvc/me/report/tests/Card/CardGraphicTest.php" line="42" assertions="1" time="0.000566"/>
        <testcase name="testSetGetCardGraphicAsString" class="App\Card\CardGraphicTest" classname="App.Card.CardGraphicTest" file="/home/jacobs0/dbwebb-kurser/mvc/me/report/tests/Card/CardGraphicTest.php" line="56" assertions="1" time="0.000441"/>
      </testsuite>
      <testsuite name="App\Card\CardHandTest" file="/home/jacobs0/dbwebb-kurser/mvc/me/report/tests/Card/CardHandTest.php" tests="7" assertions="10" errors="0" warnings="0" failures="0" skipped="0" time="0.007835">
        <testcase name="testCreateCardHandNoArguments" class="App\Card\CardHandTest" classname="App.Card.CardHandTest" file="/home/jacobs0/dbwebb-kurser/mvc/me/report/tests/Card/CardHandTest.php" line="16" assertions="1" time="0.001565"/>
        <testcase name="testAddCardToCardHand" class="App\Card\CardHandTest" classname="App.Card.CardHandTest" file="/home/jacobs0/dbwebb-kurser/mvc/me/report/tests/Card/CardHandTest.php" line="25" assertions="1" time="0.001850"/>
        <testcase name="testResetCardHand" class="App\Card\CardHandTest" classname="App.Card.CardHandTest" file="/home/jacobs0/dbwebb-kurser/mvc/me/report/tests/Card/CardHandTest.php" line="45" assertions="1" time="0.000901"/>
        <testcase name="testSumOfCardHand" class="App\Card\CardHandTest" classname="App.Card.CardHandTest" file="/home/jacobs0/dbwebb-kurser/mvc/me/report/tests/Card/CardHandTest.php" line="67" assertions="2" time="0.000881"/>
        <testcase name="testArrayOfValuesOfCardHand" class="App\Card\CardHandTest" classname="App.Card.CardHandTest" file="/home/jacobs0/dbwebb-kurser/mvc/me/report/tests/Card/CardHandTest.php" line="95" assertions="2" time="0.000883"/>
        <testcase name="testStringOfCardsOfCardHand" class="App\Card\CardHandTest" classname="App.Card.CardHandTest" file="/home/jacobs0/dbwebb-kurser/mvc/me/report/tests/Card/CardHandTest.php" line="123" assertions="2" time="0.000884"/>
        <testcase name="testDoubleBetOfCardHand" class="App\Card\CardHandTest" classname="App.Card.CardHandTest" file="/home/jacobs0/dbwebb-kurser/mvc/me/report/tests/Card/CardHandTest.php" line="151" assertions="1" time="0.000871"/>
      </testsuite>
      <testsuite name="App\Card\CardTest" file="/home/jacobs0/dbwebb-kurser/mvc/me/report/tests/Card/CardTest.php" tests="3" assertions="3" errors="0" warnings="0" failures="0" skipped="0" time="0.001336">
        <testcase name="testCreateCardNoArguments" class="App\Card\CardTest" classname="App.Card.CardTest" file="/home/jacobs0/dbwebb-kurser/mvc/me/report/tests/Card/CardTest.php" line="16" assertions="1" time="0.000413"/>
        <testcase name="testSetGetCardTypeAndValue" class="App\Card\CardTest" classname="App.Card.CardTest" file="/home/jacobs0/dbwebb-kurser/mvc/me/report/tests/Card/CardTest.php" line="25" assertions="1" time="0.000470"/>
        <testcase name="testSetGetCardValue" class="App\Card\CardTest" classname="App.Card.CardTest" file="/home/jacobs0/dbwebb-kurser/mvc/me/report/tests/Card/CardTest.php" line="42" assertions="1" time="0.000453"/>
      </testsuite>
      <testsuite name="App\Card\DeckOfCardsTest" file="/home/jacobs0/dbwebb-kurser/mvc/me/report/tests/Card/DeckOfCardsTest.php" tests="8" assertions="9" errors="0" warnings="0" failures="0" skipped="0" time="0.008139">
        <testcase name="testCreateDeckNoArguments" class="App\Card\DeckOfCardsTest" classname="App.Card.DeckOfCardsTest" file="/home/jacobs0/dbwebb-kurser/mvc/me/report/tests/Card/DeckOfCardsTest.php" line="16" assertions="1" time="0.000408"/>
        <testcase name="testInitDeckOfCards" class="App\Card\DeckOfCardsTest" classname="App.Card.DeckOfCardsTest" file="/home/jacobs0/dbwebb-kurser/mvc/me/report/tests/Card/DeckOfCardsTest.php" line="25" assertions="1" time="0.000857"/>
        <testcase name="testInitAndShuffleDeckOfCards" class="App\Card\DeckOfCardsTest" classname="App.Card.DeckOfCardsTest" file="/home/jacobs0/dbwebb-kurser/mvc/me/report/tests/Card/DeckOfCardsTest.php" line="39" assertions="1" time="0.000892"/>
        <testcase name="testDrawCardFromDeckOfCards" class="App\Card\DeckOfCardsTest" classname="App.Card.DeckOfCardsTest" file="/home/jacobs0/dbwebb-kurser/mvc/me/report/tests/Card/DeckOfCardsTest.php" line="55" assertions="1" time="0.001118"/>
        <testcase name="testGetDeckOfCards" class="App\Card\DeckOfCardsTest" classname="App.Card.DeckOfCardsTest" file="/home/jacobs0/dbwebb-kurser/mvc/me/report/tests/Card/DeckOfCardsTest.php" line="71" assertions="1" time="0.000881"/>
        <testcase name="testReturnLengthOfDeckOfCards" class="App\Card\DeckOfCardsTest" classname="App.Card.DeckOfCardsTest" file="/home/jacobs0/dbwebb-kurser/mvc/me/report/tests/Card/DeckOfCardsTest.php" line="87" assertions="2" time="0.001874"/>
        <testcase name="testGetCardValuesOfDeckOfCards" class="App\Card\DeckOfCardsTest" classname="App.Card.DeckOfCardsTest" file="/home/jacobs0/dbwebb-kurser/mvc/me/report/tests/Card/DeckOfCardsTest.php" line="107" assertions="1" time="0.001091"/>
        <testcase name="testGetDeckAsStringFromDeckOfCards" class="App\Card\DeckOfCardsTest" classname="App.Card.DeckOfCardsTest" file="/home/jacobs0/dbwebb-kurser/mvc/me/report/tests/Card/DeckOfCardsTest.php" line="123" assertions="1" time="0.001018"/>
      </testsuite>
      <testsuite name="App\CardGame\CardGameStatsTest" file="/home/jacobs0/dbwebb-kurser/mvc/me/report/tests/CardGame/CardGameStatsTest.php" tests="4" assertions="4" errors="0" warnings="0" failures="0" skipped="0" time="0.008014">
        <testcase name="testCreateCardGameStatsNoArguments" class="App\CardGame\CardGameStatsTest" classname="App.CardGame.CardGameStatsTest" file="/home/jacobs0/dbwebb-kurser/mvc/me/report/tests/CardGame/CardGameStatsTest.php" line="16" assertions="1" time="0.001187"/>
        <testcase name="testGetPlayerPercentage" class="App\CardGame\CardGameStatsTest" classname="App.CardGame.CardGameStatsTest" file="/home/jacobs0/dbwebb-kurser/mvc/me/report/tests/CardGame/CardGameStatsTest.php" line="25" assertions="1" time="0.004468"/>
        <testcase name="testGetGameStatsAsString" class="App\CardGame\CardGameStatsTest" classname="App.CardGame.CardGameStatsTest" file="/home/jacobs0/dbwebb-kurser/mvc/me/report/tests/CardGame/CardGameStatsTest.php" line="44" assertions="1" time="0.001260"/>
        <testcase name="testSetDeckStats" class="App\CardGame\CardGameStatsTest" classname="App.CardGame.CardGameStatsTest" file="/home/jacobs0/dbwebb-kurser/mvc/me/report/tests/CardGame/CardGameStatsTest.php" line="65" assertions="1" time="0.001100"/>
      </testsuite>
      <testsuite name="App\CardGame\CardGameTest" file="/home/jacobs0/dbwebb-kurser/mvc/me/report/tests/CardGame/CardGameTest.php" tests="9" assertions="16" errors="0" warnings="0" failures="0" skipped="0" time="0.016003">
        <testcase name="testCreateCardGameNoArguments" class="App\CardGame\CardGameTest" classname="App.CardGame.CardGameTest" file="/home/jacobs0/dbwebb-kurser/mvc/me/report/tests/CardGame/CardGameTest.php" line="16" assertions="1" time="0.000493"/>
        <testcase name="testPlayNoArguments" class="App\CardGame\CardGameTest" classname="App.CardGame.CardGameTest" file="/home/jacobs0/dbwebb-kurser/mvc/me/report/tests/CardGame/CardGameTest.php" line="25" assertions="1" time="0.002017"/>
        <testcase name="testRestGame" class="App\CardGame\CardGameTest" classname="App.CardGame.CardGameTest" file="/home/jacobs0/dbwebb-kurser/mvc/me/report/tests/CardGame/CardGameTest.php" line="39" assertions="1" time="0.002087"/>
        <testcase name="testHouseDraw" class="App\CardGame\CardGameTest" classname="App.CardGame.CardGameTest" file="/home/jacobs0/dbwebb-kurser/mvc/me/report/tests/CardGame/CardGameTest.php" line="78" assertions="1" time="0.001508"/>
        <testcase name="testGetPlayerHandAsSum" class="App\CardGame\CardGameTest" classname="App.CardGame.CardGameTest" file="/home/jacobs0/dbwebb-kurser/mvc/me/report/tests/CardGame/CardGameTest.php" line="100" assertions="1" time="0.003493"/>
        <testcase name="testGetPlayerHandAsString" class="App\CardGame\CardGameTest" classname="App.CardGame.CardGameTest" file="/home/jacobs0/dbwebb-kurser/mvc/me/report/tests/CardGame/CardGameTest.php" line="124" assertions="1" time="0.001067"/>
        <testcase name="testGetGameStats" class="App\CardGame\CardGameTest" classname="App.CardGame.CardGameTest" file="/home/jacobs0/dbwebb-kurser/mvc/me/report/tests/CardGame/CardGameTest.php" line="140" assertions="2" time="0.001510"/>
        <testcase name="testGetDrawPercentage" class="App\CardGame\CardGameTest" classname="App.CardGame.CardGameTest" file="/home/jacobs0/dbwebb-kurser/mvc/me/report/tests/CardGame/CardGameTest.php" line="157" assertions="4" time="0.002521"/>
        <testcase name="testGetWinner" class="App\CardGame\CardGameTest" classname="App.CardGame.CardGameTest" file="/home/jacobs0/dbwebb-kurser/mvc/me/report/tests/CardGame/CardGameTest.php" line="196" assertions="4" time="0.001307"/>
      </testsuite>
      <testsuite name="App\CardGame\HousePlayerTest" file="/home/jacobs0/dbwebb-kurser/mvc/me/report/tests/CardGame/HousePlayerTest.php" tests="2" assertions="2" errors="0" warnings="0" failures="0" skipped="0" time="0.000927">
        <testcase name="testCreateHousePlayerNoArguments" class="App\CardGame\HousePlayerTest" classname="App.CardGame.HousePlayerTest" file="/home/jacobs0/dbwebb-kurser/mvc/me/report/tests/CardGame/HousePlayerTest.php" line="16" assertions="1" time="0.000477"/>
        <testcase name="testHouseName" class="App\CardGame\HousePlayerTest" classname="App.CardGame.HousePlayerTest" file="/home/jacobs0/dbwebb-kurser/mvc/me/report/tests/CardGame/HousePlayerTest.php" line="25" assertions="1" time="0.000450"/>
      </testsuite>
      <testsuite name="App\CardGame\PlayerTest" file="/home/jacobs0/dbwebb-kurser/mvc/me/report/tests/CardGame/PlayerTest.php" tests="4" assertions="4" errors="0" warnings="0" failures="0" skipped="0" time="0.003644">
        <testcase name="testCreatePlayerNoArguments" class="App\CardGame\PlayerTest" classname="App.CardGame.PlayerTest" file="/home/jacobs0/dbwebb-kurser/mvc/me/report/tests/CardGame/PlayerTest.php" line="16" assertions="1" time="0.000530"/>
        <testcase name="testPlayerName" class="App\CardGame\PlayerTest" classname="App.CardGame.PlayerTest" file="/home/jacobs0/dbwebb-kurser/mvc/me/report/tests/CardGame/PlayerTest.php" line="25" assertions="1" time="0.000420"/>
        <testcase name="testPlayerDrawCard" class="App\CardGame\PlayerTest" classname="App.CardGame.PlayerTest" file="/home/jacobs0/dbwebb-kurser/mvc/me/report/tests/CardGame/PlayerTest.php" line="37" assertions="1" time="0.001705"/>
        <testcase name="testPlayerHandAsString" class="App\CardGame\PlayerTest" classname="App.CardGame.PlayerTest" file="/home/jacobs0/dbwebb-kurser/mvc/me/report/tests/CardGame/PlayerTest.php" line="53" assertions="1" time="0.000988"/>
      </testsuite>
      <testsuite name="App\Dice\DiceGraphicTest" file="/home/jacobs0/dbwebb-kurser/mvc/me/report/tests/Dice/DiceGraphicTest.php" tests="1" assertions="1" errors="0" warnings="0" failures="0" skipped="0" time="0.001058">
        <testcase name="testReturnDiceAsString" class="App\Dice\DiceGraphicTest" classname="App.Dice.DiceGraphicTest" file="/home/jacobs0/dbwebb-kurser/mvc/me/report/tests/Dice/DiceGraphicTest.php" line="15" assertions="1" time="0.001058"/>
      </testsuite>
      <testsuite name="App\Dice\DiceHandTest" file="/home/jacobs0/dbwebb-kurser/mvc/me/report/tests/Dice/DiceHandTest.php" tests="4" assertions="6" errors="0" warnings="0" failures="0" skipped="0" time="0.002926">
        <testcase name="testCreateDiceHandNoArguments" class="App\Dice\DiceHandTest" classname="App.Dice.DiceHandTest" file="/home/jacobs0/dbwebb-kurser/mvc/me/report/tests/Dice/DiceHandTest.php" line="16" assertions="1" time="0.001373"/>
        <testcase name="testAddDiceToDiceHand" class="App\Dice\DiceHandTest" classname="App.Dice.DiceHandTest" file="/home/jacobs0/dbwebb-kurser/mvc/me/report/tests/Dice/DiceHandTest.php" line="25" assertions="1" time="0.000553"/>
        <testcase name="testRollDiceInDiceHandAndGetSum" class="App\Dice\DiceHandTest" classname="App.Dice.DiceHandTest" file="/home/jacobs0/dbwebb-kurser/mvc/me/report/tests/Dice/DiceHandTest.php" line="41" assertions="2" time="0.000495"/>
        <testcase name="testRollDiceInDiceHandAndGetAsString" class="App\Dice\DiceHandTest" classname="App.Dice.DiceHandTest" file="/home/jacobs0/dbwebb-kurser/mvc/me/report/tests/Dice/DiceHandTest.php" line="67" assertions="2" time="0.000505"/>
      </testsuite>
      <testsuite name="App\Dice\DiceTest" file="/home/jacobs0/dbwebb-kurser/mvc/me/report/tests/Dice/DiceTest.php" tests="2" assertions="3" errors="0" warnings="0" failures="0" skipped="0" time="0.001587">
        <testcase name="testCreateDiceNoArguments" class="App\Dice\DiceTest" classname="App.Dice.DiceTest" file="/home/jacobs0/dbwebb-kurser/mvc/me/report/tests/Dice/DiceTest.php" line="16" assertions="1" time="0.000717"/>
        <testcase name="testRollDiceAndGetValue" class="App\Dice\DiceTest" classname="App.Dice.DiceTest" file="/home/jacobs0/dbwebb-kurser/mvc/me/report/tests/Dice/DiceTest.php" line="25" assertions="2" time="0.000870"/>
      </testsuite>
      <testsuite name="App\Project\ProjGameTest" file="/home/jacobs0/dbwebb-kurser/mvc/me/report/tests/Project/ProjGameTest.php" tests="13" assertions="32" errors="0" warnings="0" failures="0" skipped="0" time="0.044373">
        <testcase name="testCreateProjGameNoArguments" class="App\Project\ProjGameTest" classname="App.Project.ProjGameTest" file="/home/jacobs0/dbwebb-kurser/mvc/me/report/tests/Project/ProjGameTest.php" line="17" assertions="1" time="0.001509"/>
        <testcase name="testInitProjGame" class="App\Project\ProjGameTest" classname="App.Project.ProjGameTest" file="/home/jacobs0/dbwebb-kurser/mvc/me/report/tests/Project/ProjGameTest.php" line="26" assertions="3" time="0.005428"/>
        <testcase name="testStartProjGame" class="App\Project\ProjGameTest" classname="App.Project.ProjGameTest" file="/home/jacobs0/dbwebb-kurser/mvc/me/report/tests/Project/ProjGameTest.php" line="41" assertions="1" time="0.003070"/>
        <testcase name="testStartStopProjGame" class="App\Project\ProjGameTest" classname="App.Project.ProjGameTest" file="/home/jacobs0/dbwebb-kurser/mvc/me/report/tests/Project/ProjGameTest.php" line="54" assertions="1" time="0.003706"/>
        <testcase name="testSetDoneProjGame" class="App\Project\ProjGameTest" classname="App.Project.ProjGameTest" file="/home/jacobs0/dbwebb-kurser/mvc/me/report/tests/Project/ProjGameTest.php" line="68" assertions="1" time="0.003194"/>
        <testcase name="testSetUnDoneProjGame" class="App\Project\ProjGameTest" classname="App.Project.ProjGameTest" file="/home/jacobs0/dbwebb-kurser/mvc/me/report/tests/Project/ProjGameTest.php" line="81" assertions="1" time="0.003175"/>
        <testcase name="testAutoPlayProjGame" class="App\Project\ProjGameTest" classname="App.Project.ProjGameTest" file="/home/jacobs0/dbwebb-kurser/mvc/me/report/tests/Project/ProjGameTest.php" line="96" assertions="1" time="0.003951"/>
        <testcase name="testCheckWinnerPlayerNotUnderProjGame" class="App\Project\ProjGameTest" classname="App.Project.ProjGameTest" file="/home/jacobs0/dbwebb-kurser/mvc/me/report/tests/Project/ProjGameTest.php" line="115" assertions="3" time="0.003273"/>
        <testcase name="testCheckWinnerHouseNotUnderProjGame" class="App\Project\ProjGameTest" classname="App.Project.ProjGameTest" file="/home/jacobs0/dbwebb-kurser/mvc/me/report/tests/Project/ProjGameTest.php" line="156" assertions="3" time="0.003215"/>
        <testcase name="testCheckWinnerPlayer21ProjGame" class="App\Project\ProjGameTest" classname="App.Project.ProjGameTest" file="/home/jacobs0/dbwebb-kurser/mvc/me/report/tests/Project/ProjGameTest.php" line="193" assertions="6" time="0.003312"/>
        <testcase name="testCheckWinnerPlayerOrHouseGreaterProjGame" class="App\Project\ProjGameTest" classname="App.Project.ProjGameTest" file="/home/jacobs0/dbwebb-kurser/mvc/me/report/tests/Project/ProjGameTest.php" line="248" assertions="6" time="0.003913"/>
        <testcase name="testCheckWinnerPlayerAndHouseTied" class="App\Project\ProjGameTest" classname="App.Project.ProjGameTest" file="/home/jacobs0/dbwebb-kurser/mvc/me/report/tests/Project/ProjGameTest.php" line="305" assertions="3" time="0.003311"/>
        <testcase name="testSetWinnerProj" class="App\Project\ProjGameTest" classname="App.Project.ProjGameTest" file="/home/jacobs0/dbwebb-kurser/mvc/me/report/tests/Project/ProjGameTest.php" line="348" assertions="2" time="0.003316"/>
      </testsuite>
      <testsuite name="App\Project\ProjPlayerTest" file="/home/jacobs0/dbwebb-kurser/mvc/me/report/tests/Project/ProjPlayerTest.php" tests="15" assertions="18" errors="0" warnings="0" failures="0" skipped="0" time="0.037914">
        <testcase name="testCreateProjPlayerNoArguments" class="App\Project\ProjPlayerTest" classname="App.Project.ProjPlayerTest" file="/home/jacobs0/dbwebb-kurser/mvc/me/report/tests/Project/ProjPlayerTest.php" line="17" assertions="1" time="0.000522"/>
        <testcase name="testSetProjPlayerNoArguments" class="App\Project\ProjPlayerTest" classname="App.Project.ProjPlayerTest" file="/home/jacobs0/dbwebb-kurser/mvc/me/report/tests/Project/ProjPlayerTest.php" line="26" assertions="2" time="0.000481"/>
        <testcase name="testSetProjPlayerArguments" class="App\Project\ProjPlayerTest" classname="App.Project.ProjPlayerTest" file="/home/jacobs0/dbwebb-kurser/mvc/me/report/tests/Project/ProjPlayerTest.php" line="43" assertions="2" time="0.000454"/>
        <testcase name="testSetPlayerHand" class="App\Project\ProjPlayerTest" classname="App.Project.ProjPlayerTest" file="/home/jacobs0/dbwebb-kurser/mvc/me/report/tests/Project/ProjPlayerTest.php" line="60" assertions="1" time="0.003086"/>
        <testcase name="testAddHandWithoutBet" class="App\Project\ProjPlayerTest" classname="App.Project.ProjPlayerTest" file="/home/jacobs0/dbwebb-kurser/mvc/me/report/tests/Project/ProjPlayerTest.php" line="83" assertions="1" time="0.000460"/>
        <testcase name="testDrawCardWithoutBet" class="App\Project\ProjPlayerTest" classname="App.Project.ProjPlayerTest" file="/home/jacobs0/dbwebb-kurser/mvc/me/report/tests/Project/ProjPlayerTest.php" line="100" assertions="1" time="0.003072"/>
        <testcase name="testResetPlayerHand" class="App\Project\ProjPlayerTest" classname="App.Project.ProjPlayerTest" file="/home/jacobs0/dbwebb-kurser/mvc/me/report/tests/Project/ProjPlayerTest.php" line="123" assertions="1" time="0.003358"/>
        <testcase name="testGetActivePlayerHand" class="App\Project\ProjPlayerTest" classname="App.Project.ProjPlayerTest" file="/home/jacobs0/dbwebb-kurser/mvc/me/report/tests/Project/ProjPlayerTest.php" line="148" assertions="1" time="0.003149"/>
        <testcase name="testGetActivePlayerHandIndex" class="App\Project\ProjPlayerTest" classname="App.Project.ProjPlayerTest" file="/home/jacobs0/dbwebb-kurser/mvc/me/report/tests/Project/ProjPlayerTest.php" line="175" assertions="1" time="0.003062"/>
        <testcase name="testCheckPlayerDone" class="App\Project\ProjPlayerTest" classname="App.Project.ProjPlayerTest" file="/home/jacobs0/dbwebb-kurser/mvc/me/report/tests/Project/ProjPlayerTest.php" line="202" assertions="2" time="0.003772"/>
        <testcase name="testSplitPlayerHand" class="App\Project\ProjPlayerTest" classname="App.Project.ProjPlayerTest" file="/home/jacobs0/dbwebb-kurser/mvc/me/report/tests/Project/ProjPlayerTest.php" line="235" assertions="1" time="0.003152"/>
        <testcase name="testReturnAsStringAndSumAndBetPlayerHand" class="App\Project\ProjPlayerTest" classname="App.Project.ProjPlayerTest" file="/home/jacobs0/dbwebb-kurser/mvc/me/report/tests/Project/ProjPlayerTest.php" line="262" assertions="1" time="0.003154"/>
        <testcase name="testGetPlayerCardHandBet" class="App\Project\ProjPlayerTest" classname="App.Project.ProjPlayerTest" file="/home/jacobs0/dbwebb-kurser/mvc/me/report/tests/Project/ProjPlayerTest.php" line="289" assertions="1" time="0.003781"/>
        <testcase name="testSumPlayerHands" class="App\Project\ProjPlayerTest" classname="App.Project.ProjPlayerTest" file="/home/jacobs0/dbwebb-kurser/mvc/me/report/tests/Project/ProjPlayerTest.php" line="310" assertions="1" time="0.003269"/>
        <testcase name="testSumsOfPlayerHands" class="App\Project\ProjPlayerTest" classname="App.Project.ProjPlayerTest" file="/home/jacobs0/dbwebb-kurser/mvc/me/report/tests/Project/ProjPlayerTest.php" line="334" assertions="1" time="0.003143"/>
      </testsuite>
    </testsuite>
  </testsuite>
</testsuites>
