<?xml version="1.0" encoding="UTF-8"?>
<testsuites>
  <testsuite name="" tests="80" assertions="118" errors="0" warnings="0" failures="0" skipped="0" time="0.152464">
    <testsuite name="Project Test Suite" tests="80" assertions="118" errors="0" warnings="0" failures="0" skipped="0" time="0.152464">
      <testsuite name="App\Card\CardGraphicTest" file="/home/jacobs0/dbwebb-kurser/mvc/me/report/tests/Card/CardGraphicTest.php" tests="4" assertions="4" errors="0" warnings="0" failures="0" skipped="0" time="0.013199">
        <testcase name="testCreateCardGraphicNoArguments" class="App\Card\CardGraphicTest" classname="App.Card.CardGraphicTest" file="/home/jacobs0/dbwebb-kurser/mvc/me/report/tests/Card/CardGraphicTest.php" line="16" assertions="1" time="0.011168"/>
        <testcase name="testSetGetCardGraphicTypeAndValue" class="App\Card\CardGraphicTest" classname="App.Card.CardGraphicTest" file="/home/jacobs0/dbwebb-kurser/mvc/me/report/tests/Card/CardGraphicTest.php" line="25" assertions="1" time="0.001211"/>
        <testcase name="testSetGetCardGraphicValue" class="App\Card\CardGraphicTest" classname="App.Card.CardGraphicTest" file="/home/jacobs0/dbwebb-kurser/mvc/me/report/tests/Card/CardGraphicTest.php" line="42" assertions="1" time="0.000416"/>
        <testcase name="testSetGetCardGraphicAsString" class="App\Card\CardGraphicTest" classname="App.Card.CardGraphicTest" file="/home/jacobs0/dbwebb-kurser/mvc/me/report/tests/Card/CardGraphicTest.php" line="56" assertions="1" time="0.000404"/>
      </testsuite>
      <testsuite name="App\Card\CardHandTest" file="/home/jacobs0/dbwebb-kurser/mvc/me/report/tests/Card/CardHandTest.php" tests="7" assertions="10" errors="0" warnings="0" failures="0" skipped="0" time="0.008457">
        <testcase name="testCreateCardHandNoArguments" class="App\Card\CardHandTest" classname="App.Card.CardHandTest" file="/home/jacobs0/dbwebb-kurser/mvc/me/report/tests/Card/CardHandTest.php" line="16" assertions="1" time="0.001575"/>
        <testcase name="testAddCardToCardHand" class="App\Card\CardHandTest" classname="App.Card.CardHandTest" file="/home/jacobs0/dbwebb-kurser/mvc/me/report/tests/Card/CardHandTest.php" line="25" assertions="1" time="0.002392"/>
        <testcase name="testResetCardHand" class="App\Card\CardHandTest" classname="App.Card.CardHandTest" file="/home/jacobs0/dbwebb-kurser/mvc/me/report/tests/Card/CardHandTest.php" line="45" assertions="1" time="0.000986"/>
        <testcase name="testSumOfCardHand" class="App\Card\CardHandTest" classname="App.Card.CardHandTest" file="/home/jacobs0/dbwebb-kurser/mvc/me/report/tests/Card/CardHandTest.php" line="67" assertions="2" time="0.000859"/>
        <testcase name="testArrayOfValuesOfCardHand" class="App\Card\CardHandTest" classname="App.Card.CardHandTest" file="/home/jacobs0/dbwebb-kurser/mvc/me/report/tests/Card/CardHandTest.php" line="95" assertions="2" time="0.000968"/>
        <testcase name="testStringOfCardsOfCardHand" class="App\Card\CardHandTest" classname="App.Card.CardHandTest" file="/home/jacobs0/dbwebb-kurser/mvc/me/report/tests/Card/CardHandTest.php" line="123" assertions="2" time="0.000835"/>
        <testcase name="testDoubleBetOfCardHand" class="App\Card\CardHandTest" classname="App.Card.CardHandTest" file="/home/jacobs0/dbwebb-kurser/mvc/me/report/tests/Card/CardHandTest.php" line="151" assertions="1" time="0.000841"/>
      </testsuite>
      <testsuite name="App\Card\CardTest" file="/home/jacobs0/dbwebb-kurser/mvc/me/report/tests/Card/CardTest.php" tests="3" assertions="3" errors="0" warnings="0" failures="0" skipped="0" time="0.001985">
        <testcase name="testCreateCardNoArguments" class="App\Card\CardTest" classname="App.Card.CardTest" file="/home/jacobs0/dbwebb-kurser/mvc/me/report/tests/Card/CardTest.php" line="16" assertions="1" time="0.000451"/>
        <testcase name="testSetGetCardTypeAndValue" class="App\Card\CardTest" classname="App.Card.CardTest" file="/home/jacobs0/dbwebb-kurser/mvc/me/report/tests/Card/CardTest.php" line="25" assertions="1" time="0.000614"/>
        <testcase name="testSetGetCardValue" class="App\Card\CardTest" classname="App.Card.CardTest" file="/home/jacobs0/dbwebb-kurser/mvc/me/report/tests/Card/CardTest.php" line="42" assertions="1" time="0.000921"/>
      </testsuite>
      <testsuite name="App\Card\DeckOfCardsTest" file="/home/jacobs0/dbwebb-kurser/mvc/me/report/tests/Card/DeckOfCardsTest.php" tests="8" assertions="9" errors="0" warnings="0" failures="0" skipped="0" time="0.006925">
        <testcase name="testCreateDeckNoArguments" class="App\Card\DeckOfCardsTest" classname="App.Card.DeckOfCardsTest" file="/home/jacobs0/dbwebb-kurser/mvc/me/report/tests/Card/DeckOfCardsTest.php" line="16" assertions="1" time="0.000428"/>
        <testcase name="testInitDeckOfCards" class="App\Card\DeckOfCardsTest" classname="App.Card.DeckOfCardsTest" file="/home/jacobs0/dbwebb-kurser/mvc/me/report/tests/Card/DeckOfCardsTest.php" line="25" assertions="1" time="0.000848"/>
        <testcase name="testInitAndShuffleDeckOfCards" class="App\Card\DeckOfCardsTest" classname="App.Card.DeckOfCardsTest" file="/home/jacobs0/dbwebb-kurser/mvc/me/report/tests/Card/DeckOfCardsTest.php" line="39" assertions="1" time="0.000945"/>
        <testcase name="testDrawCardFromDeckOfCards" class="App\Card\DeckOfCardsTest" classname="App.Card.DeckOfCardsTest" file="/home/jacobs0/dbwebb-kurser/mvc/me/report/tests/Card/DeckOfCardsTest.php" line="55" assertions="1" time="0.000930"/>
        <testcase name="testGetDeckOfCards" class="App\Card\DeckOfCardsTest" classname="App.Card.DeckOfCardsTest" file="/home/jacobs0/dbwebb-kurser/mvc/me/report/tests/Card/DeckOfCardsTest.php" line="71" assertions="1" time="0.000892"/>
        <testcase name="testReturnLengthOfDeckOfCards" class="App\Card\DeckOfCardsTest" classname="App.Card.DeckOfCardsTest" file="/home/jacobs0/dbwebb-kurser/mvc/me/report/tests/Card/DeckOfCardsTest.php" line="87" assertions="2" time="0.000871"/>
        <testcase name="testGetCardValuesOfDeckOfCards" class="App\Card\DeckOfCardsTest" classname="App.Card.DeckOfCardsTest" file="/home/jacobs0/dbwebb-kurser/mvc/me/report/tests/Card/DeckOfCardsTest.php" line="107" assertions="1" time="0.001021"/>
        <testcase name="testGetDeckAsStringFromDeckOfCards" class="App\Card\DeckOfCardsTest" classname="App.Card.DeckOfCardsTest" file="/home/jacobs0/dbwebb-kurser/mvc/me/report/tests/Card/DeckOfCardsTest.php" line="123" assertions="1" time="0.000990"/>
      </testsuite>
      <testsuite name="App\CardGame\CardGameStatsTest" file="/home/jacobs0/dbwebb-kurser/mvc/me/report/tests/CardGame/CardGameStatsTest.php" tests="4" assertions="4" errors="0" warnings="0" failures="0" skipped="0" time="0.006850">
        <testcase name="testCreateCardGameStatsNoArguments" class="App\CardGame\CardGameStatsTest" classname="App.CardGame.CardGameStatsTest" file="/home/jacobs0/dbwebb-kurser/mvc/me/report/tests/CardGame/CardGameStatsTest.php" line="16" assertions="1" time="0.001216"/>
        <testcase name="testGetPlayerPercentage" class="App\CardGame\CardGameStatsTest" classname="App.CardGame.CardGameStatsTest" file="/home/jacobs0/dbwebb-kurser/mvc/me/report/tests/CardGame/CardGameStatsTest.php" line="25" assertions="1" time="0.003392"/>
        <testcase name="testGetGameStatsAsString" class="App\CardGame\CardGameStatsTest" classname="App.CardGame.CardGameStatsTest" file="/home/jacobs0/dbwebb-kurser/mvc/me/report/tests/CardGame/CardGameStatsTest.php" line="44" assertions="1" time="0.001200"/>
        <testcase name="testSetDeckStats" class="App\CardGame\CardGameStatsTest" classname="App.CardGame.CardGameStatsTest" file="/home/jacobs0/dbwebb-kurser/mvc/me/report/tests/CardGame/CardGameStatsTest.php" line="65" assertions="1" time="0.001042"/>
      </testsuite>
      <testsuite name="App\CardGame\CardGameTest" file="/home/jacobs0/dbwebb-kurser/mvc/me/report/tests/CardGame/CardGameTest.php" tests="9" assertions="16" errors="0" warnings="0" failures="0" skipped="0" time="0.018408">
        <testcase name="testCreateCardGameNoArguments" class="App\CardGame\CardGameTest" classname="App.CardGame.CardGameTest" file="/home/jacobs0/dbwebb-kurser/mvc/me/report/tests/CardGame/CardGameTest.php" line="16" assertions="1" time="0.000487"/>
        <testcase name="testPlayNoArguments" class="App\CardGame\CardGameTest" classname="App.CardGame.CardGameTest" file="/home/jacobs0/dbwebb-kurser/mvc/me/report/tests/CardGame/CardGameTest.php" line="25" assertions="1" time="0.003043"/>
        <testcase name="testRestGame" class="App\CardGame\CardGameTest" classname="App.CardGame.CardGameTest" file="/home/jacobs0/dbwebb-kurser/mvc/me/report/tests/CardGame/CardGameTest.php" line="39" assertions="1" time="0.002814"/>
        <testcase name="testHouseDraw" class="App\CardGame\CardGameTest" classname="App.CardGame.CardGameTest" file="/home/jacobs0/dbwebb-kurser/mvc/me/report/tests/CardGame/CardGameTest.php" line="78" assertions="1" time="0.001637"/>
        <testcase name="testGetPlayerHandAsSum" class="App\CardGame\CardGameTest" classname="App.CardGame.CardGameTest" file="/home/jacobs0/dbwebb-kurser/mvc/me/report/tests/CardGame/CardGameTest.php" line="100" assertions="1" time="0.003239"/>
        <testcase name="testGetPlayerHandAsString" class="App\CardGame\CardGameTest" classname="App.CardGame.CardGameTest" file="/home/jacobs0/dbwebb-kurser/mvc/me/report/tests/CardGame/CardGameTest.php" line="124" assertions="1" time="0.001977"/>
        <testcase name="testGetGameStats" class="App\CardGame\CardGameTest" classname="App.CardGame.CardGameTest" file="/home/jacobs0/dbwebb-kurser/mvc/me/report/tests/CardGame/CardGameTest.php" line="140" assertions="2" time="0.001183"/>
        <testcase name="testGetDrawPercentage" class="App\CardGame\CardGameTest" classname="App.CardGame.CardGameTest" file="/home/jacobs0/dbwebb-kurser/mvc/me/report/tests/CardGame/CardGameTest.php" line="157" assertions="4" time="0.002660"/>
        <testcase name="testGetWinner" class="App\CardGame\CardGameTest" classname="App.CardGame.CardGameTest" file="/home/jacobs0/dbwebb-kurser/mvc/me/report/tests/CardGame/CardGameTest.php" line="196" assertions="4" time="0.001367"/>
      </testsuite>
      <testsuite name="App\CardGame\HousePlayerTest" file="/home/jacobs0/dbwebb-kurser/mvc/me/report/tests/CardGame/HousePlayerTest.php" tests="2" assertions="2" errors="0" warnings="0" failures="0" skipped="0" time="0.001872">
        <testcase name="testCreateHousePlayerNoArguments" class="App\CardGame\HousePlayerTest" classname="App.CardGame.HousePlayerTest" file="/home/jacobs0/dbwebb-kurser/mvc/me/report/tests/CardGame/HousePlayerTest.php" line="16" assertions="1" time="0.001088"/>
        <testcase name="testHouseName" class="App\CardGame\HousePlayerTest" classname="App.CardGame.HousePlayerTest" file="/home/jacobs0/dbwebb-kurser/mvc/me/report/tests/CardGame/HousePlayerTest.php" line="25" assertions="1" time="0.000784"/>
      </testsuite>
      <testsuite name="App\CardGame\PlayerTest" file="/home/jacobs0/dbwebb-kurser/mvc/me/report/tests/CardGame/PlayerTest.php" tests="4" assertions="4" errors="0" warnings="0" failures="0" skipped="0" time="0.002877">
        <testcase name="testCreatePlayerNoArguments" class="App\CardGame\PlayerTest" classname="App.CardGame.PlayerTest" file="/home/jacobs0/dbwebb-kurser/mvc/me/report/tests/CardGame/PlayerTest.php" line="16" assertions="1" time="0.000462"/>
        <testcase name="testPlayerName" class="App\CardGame\PlayerTest" classname="App.CardGame.PlayerTest" file="/home/jacobs0/dbwebb-kurser/mvc/me/report/tests/CardGame/PlayerTest.php" line="25" assertions="1" time="0.000438"/>
        <testcase name="testPlayerDrawCard" class="App\CardGame\PlayerTest" classname="App.CardGame.PlayerTest" file="/home/jacobs0/dbwebb-kurser/mvc/me/report/tests/CardGame/PlayerTest.php" line="37" assertions="1" time="0.000958"/>
        <testcase name="testPlayerHandAsString" class="App\CardGame\PlayerTest" classname="App.CardGame.PlayerTest" file="/home/jacobs0/dbwebb-kurser/mvc/me/report/tests/CardGame/PlayerTest.php" line="53" assertions="1" time="0.001018"/>
      </testsuite>
      <testsuite name="App\Dice\DiceGraphicTest" file="/home/jacobs0/dbwebb-kurser/mvc/me/report/tests/Dice/DiceGraphicTest.php" tests="1" assertions="1" errors="0" warnings="0" failures="0" skipped="0" time="0.001035">
        <testcase name="testReturnDiceAsString" class="App\Dice\DiceGraphicTest" classname="App.Dice.DiceGraphicTest" file="/home/jacobs0/dbwebb-kurser/mvc/me/report/tests/Dice/DiceGraphicTest.php" line="15" assertions="1" time="0.001035"/>
      </testsuite>
      <testsuite name="App\Dice\DiceHandTest" file="/home/jacobs0/dbwebb-kurser/mvc/me/report/tests/Dice/DiceHandTest.php" tests="4" assertions="6" errors="0" warnings="0" failures="0" skipped="0" time="0.002940">
        <testcase name="testCreateDiceHandNoArguments" class="App\Dice\DiceHandTest" classname="App.Dice.DiceHandTest" file="/home/jacobs0/dbwebb-kurser/mvc/me/report/tests/Dice/DiceHandTest.php" line="16" assertions="1" time="0.001264"/>
        <testcase name="testAddDiceToDiceHand" class="App\Dice\DiceHandTest" classname="App.Dice.DiceHandTest" file="/home/jacobs0/dbwebb-kurser/mvc/me/report/tests/Dice/DiceHandTest.php" line="25" assertions="1" time="0.000665"/>
        <testcase name="testRollDiceInDiceHandAndGetSum" class="App\Dice\DiceHandTest" classname="App.Dice.DiceHandTest" file="/home/jacobs0/dbwebb-kurser/mvc/me/report/tests/Dice/DiceHandTest.php" line="41" assertions="2" time="0.000502"/>
        <testcase name="testRollDiceInDiceHandAndGetAsString" class="App\Dice\DiceHandTest" classname="App.Dice.DiceHandTest" file="/home/jacobs0/dbwebb-kurser/mvc/me/report/tests/Dice/DiceHandTest.php" line="67" assertions="2" time="0.000509"/>
      </testsuite>
      <testsuite name="App\Dice\DiceTest" file="/home/jacobs0/dbwebb-kurser/mvc/me/report/tests/Dice/DiceTest.php" tests="2" assertions="3" errors="0" warnings="0" failures="0" skipped="0" time="0.000980">
        <testcase name="testCreateDiceNoArguments" class="App\Dice\DiceTest" classname="App.Dice.DiceTest" file="/home/jacobs0/dbwebb-kurser/mvc/me/report/tests/Dice/DiceTest.php" line="16" assertions="1" time="0.000492"/>
        <testcase name="testRollDiceAndGetValue" class="App\Dice\DiceTest" classname="App.Dice.DiceTest" file="/home/jacobs0/dbwebb-kurser/mvc/me/report/tests/Dice/DiceTest.php" line="25" assertions="2" time="0.000488"/>
      </testsuite>
      <testsuite name="App\Project\ProjGameTest" file="/home/jacobs0/dbwebb-kurser/mvc/me/report/tests/Project/ProjGameTest.php" tests="13" assertions="34" errors="0" warnings="0" failures="0" skipped="0" time="0.045510">
        <testcase name="testCreateProjGameNoArguments" class="App\Project\ProjGameTest" classname="App.Project.ProjGameTest" file="/home/jacobs0/dbwebb-kurser/mvc/me/report/tests/Project/ProjGameTest.php" line="17" assertions="1" time="0.003479"/>
        <testcase name="testInitProjGame" class="App\Project\ProjGameTest" classname="App.Project.ProjGameTest" file="/home/jacobs0/dbwebb-kurser/mvc/me/report/tests/Project/ProjGameTest.php" line="26" assertions="3" time="0.003161"/>
        <testcase name="testStartProjGame" class="App\Project\ProjGameTest" classname="App.Project.ProjGameTest" file="/home/jacobs0/dbwebb-kurser/mvc/me/report/tests/Project/ProjGameTest.php" line="41" assertions="1" time="0.002963"/>
        <testcase name="testStartStopProjGame" class="App\Project\ProjGameTest" classname="App.Project.ProjGameTest" file="/home/jacobs0/dbwebb-kurser/mvc/me/report/tests/Project/ProjGameTest.php" line="54" assertions="1" time="0.003977"/>
        <testcase name="testSetDoneProjGame" class="App\Project\ProjGameTest" classname="App.Project.ProjGameTest" file="/home/jacobs0/dbwebb-kurser/mvc/me/report/tests/Project/ProjGameTest.php" line="68" assertions="1" time="0.003086"/>
        <testcase name="testSetUnDoneProjGame" class="App\Project\ProjGameTest" classname="App.Project.ProjGameTest" file="/home/jacobs0/dbwebb-kurser/mvc/me/report/tests/Project/ProjGameTest.php" line="81" assertions="1" time="0.003041"/>
        <testcase name="testAutoPlayProjGame" class="App\Project\ProjGameTest" classname="App.Project.ProjGameTest" file="/home/jacobs0/dbwebb-kurser/mvc/me/report/tests/Project/ProjGameTest.php" line="96" assertions="1" time="0.004316"/>
        <testcase name="testCheckWinnerPlayerNotUnderProjGame" class="App\Project\ProjGameTest" classname="App.Project.ProjGameTest" file="/home/jacobs0/dbwebb-kurser/mvc/me/report/tests/Project/ProjGameTest.php" line="115" assertions="3" time="0.003819"/>
        <testcase name="testCheckWinnerHouseNotUnderProjGame" class="App\Project\ProjGameTest" classname="App.Project.ProjGameTest" file="/home/jacobs0/dbwebb-kurser/mvc/me/report/tests/Project/ProjGameTest.php" line="156" assertions="3" time="0.003534"/>
        <testcase name="testCheckWinnerPlayer21ProjGame" class="App\Project\ProjGameTest" classname="App.Project.ProjGameTest" file="/home/jacobs0/dbwebb-kurser/mvc/me/report/tests/Project/ProjGameTest.php" line="193" assertions="6" time="0.004150"/>
        <testcase name="testCheckWinnerPlayerOrHouseGreaterProjGame" class="App\Project\ProjGameTest" classname="App.Project.ProjGameTest" file="/home/jacobs0/dbwebb-kurser/mvc/me/report/tests/Project/ProjGameTest.php" line="248" assertions="8" time="0.003571"/>
        <testcase name="testCheckWinnerPlayerAndHouseTied" class="App\Project\ProjGameTest" classname="App.Project.ProjGameTest" file="/home/jacobs0/dbwebb-kurser/mvc/me/report/tests/Project/ProjGameTest.php" line="309" assertions="3" time="0.003237"/>
        <testcase name="testSetWinnerProj" class="App\Project\ProjGameTest" classname="App.Project.ProjGameTest" file="/home/jacobs0/dbwebb-kurser/mvc/me/report/tests/Project/ProjGameTest.php" line="352" assertions="2" time="0.003176"/>
      </testsuite>
      <testsuite name="App\Project\ProjPlayerTest" file="/home/jacobs0/dbwebb-kurser/mvc/me/report/tests/Project/ProjPlayerTest.php" tests="15" assertions="18" errors="0" warnings="0" failures="0" skipped="0" time="0.039636">
        <testcase name="testCreateProjPlayerNoArguments" class="App\Project\ProjPlayerTest" classname="App.Project.ProjPlayerTest" file="/home/jacobs0/dbwebb-kurser/mvc/me/report/tests/Project/ProjPlayerTest.php" line="17" assertions="1" time="0.000814"/>
        <testcase name="testSetProjPlayerNoArguments" class="App\Project\ProjPlayerTest" classname="App.Project.ProjPlayerTest" file="/home/jacobs0/dbwebb-kurser/mvc/me/report/tests/Project/ProjPlayerTest.php" line="26" assertions="2" time="0.000929"/>
        <testcase name="testSetProjPlayerArguments" class="App\Project\ProjPlayerTest" classname="App.Project.ProjPlayerTest" file="/home/jacobs0/dbwebb-kurser/mvc/me/report/tests/Project/ProjPlayerTest.php" line="43" assertions="2" time="0.000797"/>
        <testcase name="testSetPlayerHand" class="App\Project\ProjPlayerTest" classname="App.Project.ProjPlayerTest" file="/home/jacobs0/dbwebb-kurser/mvc/me/report/tests/Project/ProjPlayerTest.php" line="60" assertions="1" time="0.003026"/>
        <testcase name="testAddHandWithoutBet" class="App\Project\ProjPlayerTest" classname="App.Project.ProjPlayerTest" file="/home/jacobs0/dbwebb-kurser/mvc/me/report/tests/Project/ProjPlayerTest.php" line="83" assertions="1" time="0.000456"/>
        <testcase name="testDrawCardWithoutBet" class="App\Project\ProjPlayerTest" classname="App.Project.ProjPlayerTest" file="/home/jacobs0/dbwebb-kurser/mvc/me/report/tests/Project/ProjPlayerTest.php" line="100" assertions="1" time="0.004705"/>
        <testcase name="testResetPlayerHand" class="App\Project\ProjPlayerTest" classname="App.Project.ProjPlayerTest" file="/home/jacobs0/dbwebb-kurser/mvc/me/report/tests/Project/ProjPlayerTest.php" line="123" assertions="1" time="0.003065"/>
        <testcase name="testGetActivePlayerHand" class="App\Project\ProjPlayerTest" classname="App.Project.ProjPlayerTest" file="/home/jacobs0/dbwebb-kurser/mvc/me/report/tests/Project/ProjPlayerTest.php" line="148" assertions="1" time="0.003059"/>
        <testcase name="testGetActivePlayerHandIndex" class="App\Project\ProjPlayerTest" classname="App.Project.ProjPlayerTest" file="/home/jacobs0/dbwebb-kurser/mvc/me/report/tests/Project/ProjPlayerTest.php" line="175" assertions="1" time="0.003141"/>
        <testcase name="testCheckPlayerDone" class="App\Project\ProjPlayerTest" classname="App.Project.ProjPlayerTest" file="/home/jacobs0/dbwebb-kurser/mvc/me/report/tests/Project/ProjPlayerTest.php" line="202" assertions="2" time="0.003836"/>
        <testcase name="testSplitPlayerHand" class="App\Project\ProjPlayerTest" classname="App.Project.ProjPlayerTest" file="/home/jacobs0/dbwebb-kurser/mvc/me/report/tests/Project/ProjPlayerTest.php" line="235" assertions="1" time="0.003077"/>
        <testcase name="testReturnAsStringAndSumAndBetPlayerHand" class="App\Project\ProjPlayerTest" classname="App.Project.ProjPlayerTest" file="/home/jacobs0/dbwebb-kurser/mvc/me/report/tests/Project/ProjPlayerTest.php" line="262" assertions="1" time="0.003327"/>
        <testcase name="testGetPlayerCardHandBet" class="App\Project\ProjPlayerTest" classname="App.Project.ProjPlayerTest" file="/home/jacobs0/dbwebb-kurser/mvc/me/report/tests/Project/ProjPlayerTest.php" line="289" assertions="1" time="0.003267"/>
        <testcase name="testSumPlayerHands" class="App\Project\ProjPlayerTest" classname="App.Project.ProjPlayerTest" file="/home/jacobs0/dbwebb-kurser/mvc/me/report/tests/Project/ProjPlayerTest.php" line="310" assertions="1" time="0.003134"/>
        <testcase name="testSumsOfPlayerHands" class="App\Project\ProjPlayerTest" classname="App.Project.ProjPlayerTest" file="/home/jacobs0/dbwebb-kurser/mvc/me/report/tests/Project/ProjPlayerTest.php" line="334" assertions="1" time="0.003004"/>
      </testsuite>
      <testsuite name="App\Project\ProjWalletTest" file="/home/jacobs0/dbwebb-kurser/mvc/me/report/tests/Project/ProjWalletTest.php" tests="4" assertions="4" errors="0" warnings="0" failures="0" skipped="0" time="0.001791">
        <testcase name="testCreateProjGameNoArguments" class="App\Project\ProjWalletTest" classname="App.Project.ProjWalletTest" file="/home/jacobs0/dbwebb-kurser/mvc/me/report/tests/Project/ProjWalletTest.php" line="16" assertions="1" time="0.000480"/>
        <testcase name="testSetAndGetBalanceProjWallet" class="App\Project\ProjWalletTest" classname="App.Project.ProjWalletTest" file="/home/jacobs0/dbwebb-kurser/mvc/me/report/tests/Project/ProjWalletTest.php" line="25" assertions="1" time="0.000452"/>
        <testcase name="testSetAndWithdrawBalanceProjWallet" class="App\Project\ProjWalletTest" classname="App.Project.ProjWalletTest" file="/home/jacobs0/dbwebb-kurser/mvc/me/report/tests/Project/ProjWalletTest.php" line="36" assertions="1" time="0.000446"/>
        <testcase name="testSetAndAddBalanceProjWallet" class="App\Project\ProjWalletTest" classname="App.Project.ProjWalletTest" file="/home/jacobs0/dbwebb-kurser/mvc/me/report/tests/Project/ProjWalletTest.php" line="49" assertions="1" time="0.000413"/>
      </testsuite>
    </testsuite>
  </testsuite>
</testsuites>
