<?xml version="1.0" encoding="UTF-8"?>
<testsuites>
  <testsuite name="" tests="80" assertions="118" errors="0" warnings="0" failures="0" skipped="0" time="0.151381">
    <testsuite name="Project Test Suite" tests="80" assertions="118" errors="0" warnings="0" failures="0" skipped="0" time="0.151381">
      <testsuite name="App\Card\CardGraphicTest" file="/home/jacobs0/dbwebb-kurser/mvc/me/report/tests/Card/CardGraphicTest.php" tests="4" assertions="4" errors="0" warnings="0" failures="0" skipped="0" time="0.012375">
        <testcase name="testCreateCardGraphicNoArguments" class="App\Card\CardGraphicTest" classname="App.Card.CardGraphicTest" file="/home/jacobs0/dbwebb-kurser/mvc/me/report/tests/Card/CardGraphicTest.php" line="16" assertions="1" time="0.010252"/>
        <testcase name="testSetGetCardGraphicTypeAndValue" class="App\Card\CardGraphicTest" classname="App.Card.CardGraphicTest" file="/home/jacobs0/dbwebb-kurser/mvc/me/report/tests/Card/CardGraphicTest.php" line="25" assertions="1" time="0.001176"/>
        <testcase name="testSetGetCardGraphicValue" class="App\Card\CardGraphicTest" classname="App.Card.CardGraphicTest" file="/home/jacobs0/dbwebb-kurser/mvc/me/report/tests/Card/CardGraphicTest.php" line="42" assertions="1" time="0.000495"/>
        <testcase name="testSetGetCardGraphicAsString" class="App\Card\CardGraphicTest" classname="App.Card.CardGraphicTest" file="/home/jacobs0/dbwebb-kurser/mvc/me/report/tests/Card/CardGraphicTest.php" line="56" assertions="1" time="0.000453"/>
      </testsuite>
      <testsuite name="App\Card\CardHandTest" file="/home/jacobs0/dbwebb-kurser/mvc/me/report/tests/Card/CardHandTest.php" tests="7" assertions="10" errors="0" warnings="0" failures="0" skipped="0" time="0.008775">
        <testcase name="testCreateCardHandNoArguments" class="App\Card\CardHandTest" classname="App.Card.CardHandTest" file="/home/jacobs0/dbwebb-kurser/mvc/me/report/tests/Card/CardHandTest.php" line="16" assertions="1" time="0.001636"/>
        <testcase name="testAddCardToCardHand" class="App\Card\CardHandTest" classname="App.Card.CardHandTest" file="/home/jacobs0/dbwebb-kurser/mvc/me/report/tests/Card/CardHandTest.php" line="25" assertions="1" time="0.002781"/>
        <testcase name="testResetCardHand" class="App\Card\CardHandTest" classname="App.Card.CardHandTest" file="/home/jacobs0/dbwebb-kurser/mvc/me/report/tests/Card/CardHandTest.php" line="45" assertions="1" time="0.000882"/>
        <testcase name="testSumOfCardHand" class="App\Card\CardHandTest" classname="App.Card.CardHandTest" file="/home/jacobs0/dbwebb-kurser/mvc/me/report/tests/Card/CardHandTest.php" line="67" assertions="2" time="0.000835"/>
        <testcase name="testArrayOfValuesOfCardHand" class="App\Card\CardHandTest" classname="App.Card.CardHandTest" file="/home/jacobs0/dbwebb-kurser/mvc/me/report/tests/Card/CardHandTest.php" line="95" assertions="2" time="0.000895"/>
        <testcase name="testStringOfCardsOfCardHand" class="App\Card\CardHandTest" classname="App.Card.CardHandTest" file="/home/jacobs0/dbwebb-kurser/mvc/me/report/tests/Card/CardHandTest.php" line="123" assertions="2" time="0.000856"/>
        <testcase name="testDoubleBetOfCardHand" class="App\Card\CardHandTest" classname="App.Card.CardHandTest" file="/home/jacobs0/dbwebb-kurser/mvc/me/report/tests/Card/CardHandTest.php" line="151" assertions="1" time="0.000889"/>
      </testsuite>
      <testsuite name="App\Card\CardTest" file="/home/jacobs0/dbwebb-kurser/mvc/me/report/tests/Card/CardTest.php" tests="3" assertions="3" errors="0" warnings="0" failures="0" skipped="0" time="0.002071">
        <testcase name="testCreateCardNoArguments" class="App\Card\CardTest" classname="App.Card.CardTest" file="/home/jacobs0/dbwebb-kurser/mvc/me/report/tests/Card/CardTest.php" line="16" assertions="1" time="0.000410"/>
        <testcase name="testSetGetCardTypeAndValue" class="App\Card\CardTest" classname="App.Card.CardTest" file="/home/jacobs0/dbwebb-kurser/mvc/me/report/tests/Card/CardTest.php" line="25" assertions="1" time="0.000834"/>
        <testcase name="testSetGetCardValue" class="App\Card\CardTest" classname="App.Card.CardTest" file="/home/jacobs0/dbwebb-kurser/mvc/me/report/tests/Card/CardTest.php" line="42" assertions="1" time="0.000827"/>
      </testsuite>
      <testsuite name="App\Card\DeckOfCardsTest" file="/home/jacobs0/dbwebb-kurser/mvc/me/report/tests/Card/DeckOfCardsTest.php" tests="8" assertions="9" errors="0" warnings="0" failures="0" skipped="0" time="0.007066">
        <testcase name="testCreateDeckNoArguments" class="App\Card\DeckOfCardsTest" classname="App.Card.DeckOfCardsTest" file="/home/jacobs0/dbwebb-kurser/mvc/me/report/tests/Card/DeckOfCardsTest.php" line="16" assertions="1" time="0.000457"/>
        <testcase name="testInitDeckOfCards" class="App\Card\DeckOfCardsTest" classname="App.Card.DeckOfCardsTest" file="/home/jacobs0/dbwebb-kurser/mvc/me/report/tests/Card/DeckOfCardsTest.php" line="25" assertions="1" time="0.000862"/>
        <testcase name="testInitAndShuffleDeckOfCards" class="App\Card\DeckOfCardsTest" classname="App.Card.DeckOfCardsTest" file="/home/jacobs0/dbwebb-kurser/mvc/me/report/tests/Card/DeckOfCardsTest.php" line="39" assertions="1" time="0.000878"/>
        <testcase name="testDrawCardFromDeckOfCards" class="App\Card\DeckOfCardsTest" classname="App.Card.DeckOfCardsTest" file="/home/jacobs0/dbwebb-kurser/mvc/me/report/tests/Card/DeckOfCardsTest.php" line="55" assertions="1" time="0.000814"/>
        <testcase name="testGetDeckOfCards" class="App\Card\DeckOfCardsTest" classname="App.Card.DeckOfCardsTest" file="/home/jacobs0/dbwebb-kurser/mvc/me/report/tests/Card/DeckOfCardsTest.php" line="71" assertions="1" time="0.001196"/>
        <testcase name="testReturnLengthOfDeckOfCards" class="App\Card\DeckOfCardsTest" classname="App.Card.DeckOfCardsTest" file="/home/jacobs0/dbwebb-kurser/mvc/me/report/tests/Card/DeckOfCardsTest.php" line="87" assertions="2" time="0.000883"/>
        <testcase name="testGetCardValuesOfDeckOfCards" class="App\Card\DeckOfCardsTest" classname="App.Card.DeckOfCardsTest" file="/home/jacobs0/dbwebb-kurser/mvc/me/report/tests/Card/DeckOfCardsTest.php" line="107" assertions="1" time="0.000961"/>
        <testcase name="testGetDeckAsStringFromDeckOfCards" class="App\Card\DeckOfCardsTest" classname="App.Card.DeckOfCardsTest" file="/home/jacobs0/dbwebb-kurser/mvc/me/report/tests/Card/DeckOfCardsTest.php" line="123" assertions="1" time="0.001015"/>
      </testsuite>
      <testsuite name="App\CardGame\CardGameStatsTest" file="/home/jacobs0/dbwebb-kurser/mvc/me/report/tests/CardGame/CardGameStatsTest.php" tests="4" assertions="4" errors="0" warnings="0" failures="0" skipped="0" time="0.006792">
        <testcase name="testCreateCardGameStatsNoArguments" class="App\CardGame\CardGameStatsTest" classname="App.CardGame.CardGameStatsTest" file="/home/jacobs0/dbwebb-kurser/mvc/me/report/tests/CardGame/CardGameStatsTest.php" line="16" assertions="1" time="0.001255"/>
        <testcase name="testGetPlayerPercentage" class="App\CardGame\CardGameStatsTest" classname="App.CardGame.CardGameStatsTest" file="/home/jacobs0/dbwebb-kurser/mvc/me/report/tests/CardGame/CardGameStatsTest.php" line="25" assertions="1" time="0.003304"/>
        <testcase name="testGetGameStatsAsString" class="App\CardGame\CardGameStatsTest" classname="App.CardGame.CardGameStatsTest" file="/home/jacobs0/dbwebb-kurser/mvc/me/report/tests/CardGame/CardGameStatsTest.php" line="44" assertions="1" time="0.001193"/>
        <testcase name="testSetDeckStats" class="App\CardGame\CardGameStatsTest" classname="App.CardGame.CardGameStatsTest" file="/home/jacobs0/dbwebb-kurser/mvc/me/report/tests/CardGame/CardGameStatsTest.php" line="65" assertions="1" time="0.001040"/>
      </testsuite>
      <testsuite name="App\CardGame\CardGameTest" file="/home/jacobs0/dbwebb-kurser/mvc/me/report/tests/CardGame/CardGameTest.php" tests="9" assertions="16" errors="0" warnings="0" failures="0" skipped="0" time="0.016500">
        <testcase name="testCreateCardGameNoArguments" class="App\CardGame\CardGameTest" classname="App.CardGame.CardGameTest" file="/home/jacobs0/dbwebb-kurser/mvc/me/report/tests/CardGame/CardGameTest.php" line="16" assertions="1" time="0.000680"/>
        <testcase name="testPlayNoArguments" class="App\CardGame\CardGameTest" classname="App.CardGame.CardGameTest" file="/home/jacobs0/dbwebb-kurser/mvc/me/report/tests/CardGame/CardGameTest.php" line="25" assertions="1" time="0.002721"/>
        <testcase name="testRestGame" class="App\CardGame\CardGameTest" classname="App.CardGame.CardGameTest" file="/home/jacobs0/dbwebb-kurser/mvc/me/report/tests/CardGame/CardGameTest.php" line="39" assertions="1" time="0.001897"/>
        <testcase name="testHouseDraw" class="App\CardGame\CardGameTest" classname="App.CardGame.CardGameTest" file="/home/jacobs0/dbwebb-kurser/mvc/me/report/tests/CardGame/CardGameTest.php" line="78" assertions="1" time="0.001503"/>
        <testcase name="testGetPlayerHandAsSum" class="App\CardGame\CardGameTest" classname="App.CardGame.CardGameTest" file="/home/jacobs0/dbwebb-kurser/mvc/me/report/tests/CardGame/CardGameTest.php" line="100" assertions="1" time="0.003375"/>
        <testcase name="testGetPlayerHandAsString" class="App\CardGame\CardGameTest" classname="App.CardGame.CardGameTest" file="/home/jacobs0/dbwebb-kurser/mvc/me/report/tests/CardGame/CardGameTest.php" line="124" assertions="1" time="0.001253"/>
        <testcase name="testGetGameStats" class="App\CardGame\CardGameTest" classname="App.CardGame.CardGameTest" file="/home/jacobs0/dbwebb-kurser/mvc/me/report/tests/CardGame/CardGameTest.php" line="140" assertions="2" time="0.001206"/>
        <testcase name="testGetDrawPercentage" class="App\CardGame\CardGameTest" classname="App.CardGame.CardGameTest" file="/home/jacobs0/dbwebb-kurser/mvc/me/report/tests/CardGame/CardGameTest.php" line="157" assertions="4" time="0.002451"/>
        <testcase name="testGetWinner" class="App\CardGame\CardGameTest" classname="App.CardGame.CardGameTest" file="/home/jacobs0/dbwebb-kurser/mvc/me/report/tests/CardGame/CardGameTest.php" line="196" assertions="4" time="0.001415"/>
      </testsuite>
      <testsuite name="App\CardGame\HousePlayerTest" file="/home/jacobs0/dbwebb-kurser/mvc/me/report/tests/CardGame/HousePlayerTest.php" tests="2" assertions="2" errors="0" warnings="0" failures="0" skipped="0" time="0.001371">
        <testcase name="testCreateHousePlayerNoArguments" class="App\CardGame\HousePlayerTest" classname="App.CardGame.HousePlayerTest" file="/home/jacobs0/dbwebb-kurser/mvc/me/report/tests/CardGame/HousePlayerTest.php" line="16" assertions="1" time="0.000885"/>
        <testcase name="testHouseName" class="App\CardGame\HousePlayerTest" classname="App.CardGame.HousePlayerTest" file="/home/jacobs0/dbwebb-kurser/mvc/me/report/tests/CardGame/HousePlayerTest.php" line="25" assertions="1" time="0.000486"/>
      </testsuite>
      <testsuite name="App\CardGame\PlayerTest" file="/home/jacobs0/dbwebb-kurser/mvc/me/report/tests/CardGame/PlayerTest.php" tests="4" assertions="4" errors="0" warnings="0" failures="0" skipped="0" time="0.002824">
        <testcase name="testCreatePlayerNoArguments" class="App\CardGame\PlayerTest" classname="App.CardGame.PlayerTest" file="/home/jacobs0/dbwebb-kurser/mvc/me/report/tests/CardGame/PlayerTest.php" line="16" assertions="1" time="0.000453"/>
        <testcase name="testPlayerName" class="App\CardGame\PlayerTest" classname="App.CardGame.PlayerTest" file="/home/jacobs0/dbwebb-kurser/mvc/me/report/tests/CardGame/PlayerTest.php" line="25" assertions="1" time="0.000436"/>
        <testcase name="testPlayerDrawCard" class="App\CardGame\PlayerTest" classname="App.CardGame.PlayerTest" file="/home/jacobs0/dbwebb-kurser/mvc/me/report/tests/CardGame/PlayerTest.php" line="37" assertions="1" time="0.000985"/>
        <testcase name="testPlayerHandAsString" class="App\CardGame\PlayerTest" classname="App.CardGame.PlayerTest" file="/home/jacobs0/dbwebb-kurser/mvc/me/report/tests/CardGame/PlayerTest.php" line="53" assertions="1" time="0.000950"/>
      </testsuite>
      <testsuite name="App\Dice\DiceGraphicTest" file="/home/jacobs0/dbwebb-kurser/mvc/me/report/tests/Dice/DiceGraphicTest.php" tests="1" assertions="1" errors="0" warnings="0" failures="0" skipped="0" time="0.001147">
        <testcase name="testReturnDiceAsString" class="App\Dice\DiceGraphicTest" classname="App.Dice.DiceGraphicTest" file="/home/jacobs0/dbwebb-kurser/mvc/me/report/tests/Dice/DiceGraphicTest.php" line="15" assertions="1" time="0.001147"/>
      </testsuite>
      <testsuite name="App\Dice\DiceHandTest" file="/home/jacobs0/dbwebb-kurser/mvc/me/report/tests/Dice/DiceHandTest.php" tests="4" assertions="6" errors="0" warnings="0" failures="0" skipped="0" time="0.002900">
        <testcase name="testCreateDiceHandNoArguments" class="App\Dice\DiceHandTest" classname="App.Dice.DiceHandTest" file="/home/jacobs0/dbwebb-kurser/mvc/me/report/tests/Dice/DiceHandTest.php" line="16" assertions="1" time="0.001312"/>
        <testcase name="testAddDiceToDiceHand" class="App\Dice\DiceHandTest" classname="App.Dice.DiceHandTest" file="/home/jacobs0/dbwebb-kurser/mvc/me/report/tests/Dice/DiceHandTest.php" line="25" assertions="1" time="0.000555"/>
        <testcase name="testRollDiceInDiceHandAndGetSum" class="App\Dice\DiceHandTest" classname="App.Dice.DiceHandTest" file="/home/jacobs0/dbwebb-kurser/mvc/me/report/tests/Dice/DiceHandTest.php" line="41" assertions="2" time="0.000528"/>
        <testcase name="testRollDiceInDiceHandAndGetAsString" class="App\Dice\DiceHandTest" classname="App.Dice.DiceHandTest" file="/home/jacobs0/dbwebb-kurser/mvc/me/report/tests/Dice/DiceHandTest.php" line="67" assertions="2" time="0.000506"/>
      </testsuite>
      <testsuite name="App\Dice\DiceTest" file="/home/jacobs0/dbwebb-kurser/mvc/me/report/tests/Dice/DiceTest.php" tests="2" assertions="3" errors="0" warnings="0" failures="0" skipped="0" time="0.001247">
        <testcase name="testCreateDiceNoArguments" class="App\Dice\DiceTest" classname="App.Dice.DiceTest" file="/home/jacobs0/dbwebb-kurser/mvc/me/report/tests/Dice/DiceTest.php" line="16" assertions="1" time="0.000459"/>
        <testcase name="testRollDiceAndGetValue" class="App\Dice\DiceTest" classname="App.Dice.DiceTest" file="/home/jacobs0/dbwebb-kurser/mvc/me/report/tests/Dice/DiceTest.php" line="25" assertions="2" time="0.000788"/>
      </testsuite>
      <testsuite name="App\Project\ProjGameTest" file="/home/jacobs0/dbwebb-kurser/mvc/me/report/tests/Project/ProjGameTest.php" tests="13" assertions="34" errors="0" warnings="0" failures="0" skipped="0" time="0.045475">
        <testcase name="testCreateProjGameNoArguments" class="App\Project\ProjGameTest" classname="App.Project.ProjGameTest" file="/home/jacobs0/dbwebb-kurser/mvc/me/report/tests/Project/ProjGameTest.php" line="17" assertions="1" time="0.003485"/>
        <testcase name="testInitProjGame" class="App\Project\ProjGameTest" classname="App.Project.ProjGameTest" file="/home/jacobs0/dbwebb-kurser/mvc/me/report/tests/Project/ProjGameTest.php" line="26" assertions="3" time="0.003106"/>
        <testcase name="testStartProjGame" class="App\Project\ProjGameTest" classname="App.Project.ProjGameTest" file="/home/jacobs0/dbwebb-kurser/mvc/me/report/tests/Project/ProjGameTest.php" line="41" assertions="1" time="0.002972"/>
        <testcase name="testStartStopProjGame" class="App\Project\ProjGameTest" classname="App.Project.ProjGameTest" file="/home/jacobs0/dbwebb-kurser/mvc/me/report/tests/Project/ProjGameTest.php" line="54" assertions="1" time="0.003759"/>
        <testcase name="testSetDoneProjGame" class="App\Project\ProjGameTest" classname="App.Project.ProjGameTest" file="/home/jacobs0/dbwebb-kurser/mvc/me/report/tests/Project/ProjGameTest.php" line="68" assertions="1" time="0.003089"/>
        <testcase name="testSetUnDoneProjGame" class="App\Project\ProjGameTest" classname="App.Project.ProjGameTest" file="/home/jacobs0/dbwebb-kurser/mvc/me/report/tests/Project/ProjGameTest.php" line="81" assertions="1" time="0.002974"/>
        <testcase name="testAutoPlayProjGame" class="App\Project\ProjGameTest" classname="App.Project.ProjGameTest" file="/home/jacobs0/dbwebb-kurser/mvc/me/report/tests/Project/ProjGameTest.php" line="96" assertions="1" time="0.003090"/>
        <testcase name="testCheckWinnerPlayerNotUnderProjGame" class="App\Project\ProjGameTest" classname="App.Project.ProjGameTest" file="/home/jacobs0/dbwebb-kurser/mvc/me/report/tests/Project/ProjGameTest.php" line="115" assertions="3" time="0.005389"/>
        <testcase name="testCheckWinnerHouseNotUnderProjGame" class="App\Project\ProjGameTest" classname="App.Project.ProjGameTest" file="/home/jacobs0/dbwebb-kurser/mvc/me/report/tests/Project/ProjGameTest.php" line="156" assertions="3" time="0.003188"/>
        <testcase name="testCheckWinnerPlayer21ProjGame" class="App\Project\ProjGameTest" classname="App.Project.ProjGameTest" file="/home/jacobs0/dbwebb-kurser/mvc/me/report/tests/Project/ProjGameTest.php" line="193" assertions="6" time="0.003298"/>
        <testcase name="testCheckWinnerPlayerOrHouseGreaterProjGame" class="App\Project\ProjGameTest" classname="App.Project.ProjGameTest" file="/home/jacobs0/dbwebb-kurser/mvc/me/report/tests/Project/ProjGameTest.php" line="248" assertions="8" time="0.004124"/>
        <testcase name="testCheckWinnerPlayerAndHouseTied" class="App\Project\ProjGameTest" classname="App.Project.ProjGameTest" file="/home/jacobs0/dbwebb-kurser/mvc/me/report/tests/Project/ProjGameTest.php" line="309" assertions="3" time="0.003173"/>
        <testcase name="testSetWinnerProj" class="App\Project\ProjGameTest" classname="App.Project.ProjGameTest" file="/home/jacobs0/dbwebb-kurser/mvc/me/report/tests/Project/ProjGameTest.php" line="352" assertions="2" time="0.003827"/>
      </testsuite>
      <testsuite name="App\Project\ProjPlayerTest" file="/home/jacobs0/dbwebb-kurser/mvc/me/report/tests/Project/ProjPlayerTest.php" tests="15" assertions="18" errors="0" warnings="0" failures="0" skipped="0" time="0.040534">
        <testcase name="testCreateProjPlayerNoArguments" class="App\Project\ProjPlayerTest" classname="App.Project.ProjPlayerTest" file="/home/jacobs0/dbwebb-kurser/mvc/me/report/tests/Project/ProjPlayerTest.php" line="17" assertions="1" time="0.000599"/>
        <testcase name="testSetProjPlayerNoArguments" class="App\Project\ProjPlayerTest" classname="App.Project.ProjPlayerTest" file="/home/jacobs0/dbwebb-kurser/mvc/me/report/tests/Project/ProjPlayerTest.php" line="26" assertions="2" time="0.000470"/>
        <testcase name="testSetProjPlayerArguments" class="App\Project\ProjPlayerTest" classname="App.Project.ProjPlayerTest" file="/home/jacobs0/dbwebb-kurser/mvc/me/report/tests/Project/ProjPlayerTest.php" line="43" assertions="2" time="0.000467"/>
        <testcase name="testSetPlayerHand" class="App\Project\ProjPlayerTest" classname="App.Project.ProjPlayerTest" file="/home/jacobs0/dbwebb-kurser/mvc/me/report/tests/Project/ProjPlayerTest.php" line="60" assertions="1" time="0.003101"/>
        <testcase name="testAddHandWithoutBet" class="App\Project\ProjPlayerTest" classname="App.Project.ProjPlayerTest" file="/home/jacobs0/dbwebb-kurser/mvc/me/report/tests/Project/ProjPlayerTest.php" line="83" assertions="1" time="0.000477"/>
        <testcase name="testDrawCardWithoutBet" class="App\Project\ProjPlayerTest" classname="App.Project.ProjPlayerTest" file="/home/jacobs0/dbwebb-kurser/mvc/me/report/tests/Project/ProjPlayerTest.php" line="100" assertions="1" time="0.002990"/>
        <testcase name="testResetPlayerHand" class="App\Project\ProjPlayerTest" classname="App.Project.ProjPlayerTest" file="/home/jacobs0/dbwebb-kurser/mvc/me/report/tests/Project/ProjPlayerTest.php" line="123" assertions="1" time="0.003379"/>
        <testcase name="testGetActivePlayerHand" class="App\Project\ProjPlayerTest" classname="App.Project.ProjPlayerTest" file="/home/jacobs0/dbwebb-kurser/mvc/me/report/tests/Project/ProjPlayerTest.php" line="148" assertions="1" time="0.003052"/>
        <testcase name="testGetActivePlayerHandIndex" class="App\Project\ProjPlayerTest" classname="App.Project.ProjPlayerTest" file="/home/jacobs0/dbwebb-kurser/mvc/me/report/tests/Project/ProjPlayerTest.php" line="175" assertions="1" time="0.005255"/>
        <testcase name="testCheckPlayerDone" class="App\Project\ProjPlayerTest" classname="App.Project.ProjPlayerTest" file="/home/jacobs0/dbwebb-kurser/mvc/me/report/tests/Project/ProjPlayerTest.php" line="202" assertions="2" time="0.003589"/>
        <testcase name="testSplitPlayerHand" class="App\Project\ProjPlayerTest" classname="App.Project.ProjPlayerTest" file="/home/jacobs0/dbwebb-kurser/mvc/me/report/tests/Project/ProjPlayerTest.php" line="235" assertions="1" time="0.003142"/>
        <testcase name="testReturnAsStringAndSumAndBetPlayerHand" class="App\Project\ProjPlayerTest" classname="App.Project.ProjPlayerTest" file="/home/jacobs0/dbwebb-kurser/mvc/me/report/tests/Project/ProjPlayerTest.php" line="262" assertions="1" time="0.003329"/>
        <testcase name="testGetPlayerCardHandBet" class="App\Project\ProjPlayerTest" classname="App.Project.ProjPlayerTest" file="/home/jacobs0/dbwebb-kurser/mvc/me/report/tests/Project/ProjPlayerTest.php" line="289" assertions="1" time="0.003067"/>
        <testcase name="testSumPlayerHands" class="App\Project\ProjPlayerTest" classname="App.Project.ProjPlayerTest" file="/home/jacobs0/dbwebb-kurser/mvc/me/report/tests/Project/ProjPlayerTest.php" line="310" assertions="1" time="0.003082"/>
        <testcase name="testSumsOfPlayerHands" class="App\Project\ProjPlayerTest" classname="App.Project.ProjPlayerTest" file="/home/jacobs0/dbwebb-kurser/mvc/me/report/tests/Project/ProjPlayerTest.php" line="334" assertions="1" time="0.004536"/>
      </testsuite>
      <testsuite name="App\Project\ProjWalletTest" file="/home/jacobs0/dbwebb-kurser/mvc/me/report/tests/Project/ProjWalletTest.php" tests="4" assertions="4" errors="0" warnings="0" failures="0" skipped="0" time="0.002303">
        <testcase name="testCreateProjGameNoArguments" class="App\Project\ProjWalletTest" classname="App.Project.ProjWalletTest" file="/home/jacobs0/dbwebb-kurser/mvc/me/report/tests/Project/ProjWalletTest.php" line="16" assertions="1" time="0.000574"/>
        <testcase name="testSetAndGetBalanceProjWallet" class="App\Project\ProjWalletTest" classname="App.Project.ProjWalletTest" file="/home/jacobs0/dbwebb-kurser/mvc/me/report/tests/Project/ProjWalletTest.php" line="25" assertions="1" time="0.000438"/>
        <testcase name="testSetAndWithdrawBalanceProjWallet" class="App\Project\ProjWalletTest" classname="App.Project.ProjWalletTest" file="/home/jacobs0/dbwebb-kurser/mvc/me/report/tests/Project/ProjWalletTest.php" line="36" assertions="1" time="0.000836"/>
        <testcase name="testSetAndAddBalanceProjWallet" class="App\Project\ProjWalletTest" classname="App.Project.ProjWalletTest" file="/home/jacobs0/dbwebb-kurser/mvc/me/report/tests/Project/ProjWalletTest.php" line="49" assertions="1" time="0.000454"/>
      </testsuite>
    </testsuite>
  </testsuite>
</testsuites>
