<?xml version="1.0" encoding="UTF-8"?>
<testsuites>
  <testsuite name="" tests="47" assertions="61" errors="0" warnings="0" failures="0" skipped="0" time="0.060675">
    <testsuite name="Project Test Suite" tests="47" assertions="61" errors="0" warnings="0" failures="0" skipped="0" time="0.060675">
      <testsuite name="App\Card\CardGraphicTest" file="/home/jacobs0/dbwebb-kurser/mvc/me/report/tests/Card/CardGraphicTest.php" tests="4" assertions="4" errors="0" warnings="0" failures="0" skipped="0" time="0.012351">
        <testcase name="testCreateCardGraphicNoArguments" class="App\Card\CardGraphicTest" classname="App.Card.CardGraphicTest" file="/home/jacobs0/dbwebb-kurser/mvc/me/report/tests/Card/CardGraphicTest.php" line="16" assertions="1" time="0.010276"/>
        <testcase name="testSetGetCardGraphicTypeAndValue" class="App\Card\CardGraphicTest" classname="App.Card.CardGraphicTest" file="/home/jacobs0/dbwebb-kurser/mvc/me/report/tests/Card/CardGraphicTest.php" line="25" assertions="1" time="0.001221"/>
        <testcase name="testSetGetCardGraphicValue" class="App\Card\CardGraphicTest" classname="App.Card.CardGraphicTest" file="/home/jacobs0/dbwebb-kurser/mvc/me/report/tests/Card/CardGraphicTest.php" line="42" assertions="1" time="0.000431"/>
        <testcase name="testSetGetCardGraphicAsString" class="App\Card\CardGraphicTest" classname="App.Card.CardGraphicTest" file="/home/jacobs0/dbwebb-kurser/mvc/me/report/tests/Card/CardGraphicTest.php" line="56" assertions="1" time="0.000423"/>
      </testsuite>
      <testsuite name="App\Card\CardHandTest" file="/home/jacobs0/dbwebb-kurser/mvc/me/report/tests/Card/CardHandTest.php" tests="6" assertions="9" errors="0" warnings="0" failures="0" skipped="0" time="0.007085">
        <testcase name="testCreateCardHandNoArguments" class="App\Card\CardHandTest" classname="App.Card.CardHandTest" file="/home/jacobs0/dbwebb-kurser/mvc/me/report/tests/Card/CardHandTest.php" line="16" assertions="1" time="0.001176"/>
        <testcase name="testAddCardToCardHand" class="App\Card\CardHandTest" classname="App.Card.CardHandTest" file="/home/jacobs0/dbwebb-kurser/mvc/me/report/tests/Card/CardHandTest.php" line="25" assertions="1" time="0.001872"/>
        <testcase name="testResetCardHand" class="App\Card\CardHandTest" classname="App.Card.CardHandTest" file="/home/jacobs0/dbwebb-kurser/mvc/me/report/tests/Card/CardHandTest.php" line="45" assertions="1" time="0.000933"/>
        <testcase name="testSumOfCardHand" class="App\Card\CardHandTest" classname="App.Card.CardHandTest" file="/home/jacobs0/dbwebb-kurser/mvc/me/report/tests/Card/CardHandTest.php" line="67" assertions="2" time="0.001267"/>
        <testcase name="testArrayOfValuesOfCardHand" class="App\Card\CardHandTest" classname="App.Card.CardHandTest" file="/home/jacobs0/dbwebb-kurser/mvc/me/report/tests/Card/CardHandTest.php" line="95" assertions="2" time="0.000942"/>
        <testcase name="testStringOfCardsOfCardHand" class="App\Card\CardHandTest" classname="App.Card.CardHandTest" file="/home/jacobs0/dbwebb-kurser/mvc/me/report/tests/Card/CardHandTest.php" line="123" assertions="2" time="0.000896"/>
      </testsuite>
      <testsuite name="App\Card\CardTest" file="/home/jacobs0/dbwebb-kurser/mvc/me/report/tests/Card/CardTest.php" tests="3" assertions="3" errors="0" warnings="0" failures="0" skipped="0" time="0.001300">
        <testcase name="testCreateCardNoArguments" class="App\Card\CardTest" classname="App.Card.CardTest" file="/home/jacobs0/dbwebb-kurser/mvc/me/report/tests/Card/CardTest.php" line="16" assertions="1" time="0.000443"/>
        <testcase name="testSetGetCardTypeAndValue" class="App\Card\CardTest" classname="App.Card.CardTest" file="/home/jacobs0/dbwebb-kurser/mvc/me/report/tests/Card/CardTest.php" line="25" assertions="1" time="0.000456"/>
        <testcase name="testSetGetCardValue" class="App\Card\CardTest" classname="App.Card.CardTest" file="/home/jacobs0/dbwebb-kurser/mvc/me/report/tests/Card/CardTest.php" line="42" assertions="1" time="0.000402"/>
      </testsuite>
      <testsuite name="App\Card\DeckOfCardsTest" file="/home/jacobs0/dbwebb-kurser/mvc/me/report/tests/Card/DeckOfCardsTest.php" tests="8" assertions="9" errors="0" warnings="0" failures="0" skipped="0" time="0.006774">
        <testcase name="testCreateDeckNoArguments" class="App\Card\DeckOfCardsTest" classname="App.Card.DeckOfCardsTest" file="/home/jacobs0/dbwebb-kurser/mvc/me/report/tests/Card/DeckOfCardsTest.php" line="16" assertions="1" time="0.000413"/>
        <testcase name="testInitDeckOfCards" class="App\Card\DeckOfCardsTest" classname="App.Card.DeckOfCardsTest" file="/home/jacobs0/dbwebb-kurser/mvc/me/report/tests/Card/DeckOfCardsTest.php" line="25" assertions="1" time="0.000832"/>
        <testcase name="testInitAndShuffleDeckOfCards" class="App\Card\DeckOfCardsTest" classname="App.Card.DeckOfCardsTest" file="/home/jacobs0/dbwebb-kurser/mvc/me/report/tests/Card/DeckOfCardsTest.php" line="39" assertions="1" time="0.000817"/>
        <testcase name="testDrawCardFromDeckOfCards" class="App\Card\DeckOfCardsTest" classname="App.Card.DeckOfCardsTest" file="/home/jacobs0/dbwebb-kurser/mvc/me/report/tests/Card/DeckOfCardsTest.php" line="55" assertions="1" time="0.000820"/>
        <testcase name="testGetDeckOfCards" class="App\Card\DeckOfCardsTest" classname="App.Card.DeckOfCardsTest" file="/home/jacobs0/dbwebb-kurser/mvc/me/report/tests/Card/DeckOfCardsTest.php" line="71" assertions="1" time="0.000872"/>
        <testcase name="testReturnLengthOfDeckOfCards" class="App\Card\DeckOfCardsTest" classname="App.Card.DeckOfCardsTest" file="/home/jacobs0/dbwebb-kurser/mvc/me/report/tests/Card/DeckOfCardsTest.php" line="87" assertions="2" time="0.000962"/>
        <testcase name="testGetCardValuesOfDeckOfCards" class="App\Card\DeckOfCardsTest" classname="App.Card.DeckOfCardsTest" file="/home/jacobs0/dbwebb-kurser/mvc/me/report/tests/Card/DeckOfCardsTest.php" line="107" assertions="1" time="0.001055"/>
        <testcase name="testGetDeckAsStringFromDeckOfCards" class="App\Card\DeckOfCardsTest" classname="App.Card.DeckOfCardsTest" file="/home/jacobs0/dbwebb-kurser/mvc/me/report/tests/Card/DeckOfCardsTest.php" line="123" assertions="1" time="0.001001"/>
      </testsuite>
      <testsuite name="App\CardGame\CardGameStatsTest" file="/home/jacobs0/dbwebb-kurser/mvc/me/report/tests/CardGame/CardGameStatsTest.php" tests="4" assertions="4" errors="0" warnings="0" failures="0" skipped="0" time="0.006905">
        <testcase name="testCreateCardGameStatsNoArguments" class="App\CardGame\CardGameStatsTest" classname="App.CardGame.CardGameStatsTest" file="/home/jacobs0/dbwebb-kurser/mvc/me/report/tests/CardGame/CardGameStatsTest.php" line="16" assertions="1" time="0.001163"/>
        <testcase name="testGetPlayerPercentage" class="App\CardGame\CardGameStatsTest" classname="App.CardGame.CardGameStatsTest" file="/home/jacobs0/dbwebb-kurser/mvc/me/report/tests/CardGame/CardGameStatsTest.php" line="25" assertions="1" time="0.003417"/>
        <testcase name="testGetGameStatsAsString" class="App\CardGame\CardGameStatsTest" classname="App.CardGame.CardGameStatsTest" file="/home/jacobs0/dbwebb-kurser/mvc/me/report/tests/CardGame/CardGameStatsTest.php" line="44" assertions="1" time="0.001261"/>
        <testcase name="testSetDeckStats" class="App\CardGame\CardGameStatsTest" classname="App.CardGame.CardGameStatsTest" file="/home/jacobs0/dbwebb-kurser/mvc/me/report/tests/CardGame/CardGameStatsTest.php" line="65" assertions="1" time="0.001064"/>
      </testsuite>
      <testsuite name="App\CardGame\CardGameTest" file="/home/jacobs0/dbwebb-kurser/mvc/me/report/tests/CardGame/CardGameTest.php" tests="9" assertions="16" errors="0" warnings="0" failures="0" skipped="0" time="0.016447">
        <testcase name="testCreateCardGameNoArguments" class="App\CardGame\CardGameTest" classname="App.CardGame.CardGameTest" file="/home/jacobs0/dbwebb-kurser/mvc/me/report/tests/CardGame/CardGameTest.php" line="16" assertions="1" time="0.000487"/>
        <testcase name="testPlayNoArguments" class="App\CardGame\CardGameTest" classname="App.CardGame.CardGameTest" file="/home/jacobs0/dbwebb-kurser/mvc/me/report/tests/CardGame/CardGameTest.php" line="25" assertions="1" time="0.001994"/>
        <testcase name="testRestGame" class="App\CardGame\CardGameTest" classname="App.CardGame.CardGameTest" file="/home/jacobs0/dbwebb-kurser/mvc/me/report/tests/CardGame/CardGameTest.php" line="39" assertions="1" time="0.002121"/>
        <testcase name="testHouseDraw" class="App\CardGame\CardGameTest" classname="App.CardGame.CardGameTest" file="/home/jacobs0/dbwebb-kurser/mvc/me/report/tests/CardGame/CardGameTest.php" line="78" assertions="1" time="0.001347"/>
        <testcase name="testGetPlayerHandAsSum" class="App\CardGame\CardGameTest" classname="App.CardGame.CardGameTest" file="/home/jacobs0/dbwebb-kurser/mvc/me/report/tests/CardGame/CardGameTest.php" line="100" assertions="1" time="0.003034"/>
        <testcase name="testGetPlayerHandAsString" class="App\CardGame\CardGameTest" classname="App.CardGame.CardGameTest" file="/home/jacobs0/dbwebb-kurser/mvc/me/report/tests/CardGame/CardGameTest.php" line="124" assertions="1" time="0.000937"/>
        <testcase name="testGetGameStats" class="App\CardGame\CardGameTest" classname="App.CardGame.CardGameTest" file="/home/jacobs0/dbwebb-kurser/mvc/me/report/tests/CardGame/CardGameTest.php" line="140" assertions="2" time="0.001583"/>
        <testcase name="testGetDrawPercentage" class="App\CardGame\CardGameTest" classname="App.CardGame.CardGameTest" file="/home/jacobs0/dbwebb-kurser/mvc/me/report/tests/CardGame/CardGameTest.php" line="157" assertions="4" time="0.003480"/>
        <testcase name="testGetWinner" class="App\CardGame\CardGameTest" classname="App.CardGame.CardGameTest" file="/home/jacobs0/dbwebb-kurser/mvc/me/report/tests/CardGame/CardGameTest.php" line="196" assertions="4" time="0.001464"/>
      </testsuite>
      <testsuite name="App\CardGame\HousePlayerTest" file="/home/jacobs0/dbwebb-kurser/mvc/me/report/tests/CardGame/HousePlayerTest.php" tests="2" assertions="2" errors="0" warnings="0" failures="0" skipped="0" time="0.000898">
        <testcase name="testCreateHousePlayerNoArguments" class="App\CardGame\HousePlayerTest" classname="App.CardGame.HousePlayerTest" file="/home/jacobs0/dbwebb-kurser/mvc/me/report/tests/CardGame/HousePlayerTest.php" line="16" assertions="1" time="0.000459"/>
        <testcase name="testHouseName" class="App\CardGame\HousePlayerTest" classname="App.CardGame.HousePlayerTest" file="/home/jacobs0/dbwebb-kurser/mvc/me/report/tests/CardGame/HousePlayerTest.php" line="25" assertions="1" time="0.000438"/>
      </testsuite>
      <testsuite name="App\CardGame\PlayerTest" file="/home/jacobs0/dbwebb-kurser/mvc/me/report/tests/CardGame/PlayerTest.php" tests="4" assertions="4" errors="0" warnings="0" failures="0" skipped="0" time="0.003517">
        <testcase name="testCreatePlayerNoArguments" class="App\CardGame\PlayerTest" classname="App.CardGame.PlayerTest" file="/home/jacobs0/dbwebb-kurser/mvc/me/report/tests/CardGame/PlayerTest.php" line="16" assertions="1" time="0.000449"/>
        <testcase name="testPlayerName" class="App\CardGame\PlayerTest" classname="App.CardGame.PlayerTest" file="/home/jacobs0/dbwebb-kurser/mvc/me/report/tests/CardGame/PlayerTest.php" line="25" assertions="1" time="0.000476"/>
        <testcase name="testPlayerDrawCard" class="App\CardGame\PlayerTest" classname="App.CardGame.PlayerTest" file="/home/jacobs0/dbwebb-kurser/mvc/me/report/tests/CardGame/PlayerTest.php" line="37" assertions="1" time="0.001433"/>
        <testcase name="testPlayerHandAsString" class="App\CardGame\PlayerTest" classname="App.CardGame.PlayerTest" file="/home/jacobs0/dbwebb-kurser/mvc/me/report/tests/CardGame/PlayerTest.php" line="53" assertions="1" time="0.001159"/>
      </testsuite>
      <testsuite name="App\Dice\DiceGraphicTest" file="/home/jacobs0/dbwebb-kurser/mvc/me/report/tests/Dice/DiceGraphicTest.php" tests="1" assertions="1" errors="0" warnings="0" failures="0" skipped="0" time="0.001071">
        <testcase name="testReturnDiceAsString" class="App\Dice\DiceGraphicTest" classname="App.Dice.DiceGraphicTest" file="/home/jacobs0/dbwebb-kurser/mvc/me/report/tests/Dice/DiceGraphicTest.php" line="15" assertions="1" time="0.001071"/>
      </testsuite>
      <testsuite name="App\Dice\DiceHandTest" file="/home/jacobs0/dbwebb-kurser/mvc/me/report/tests/Dice/DiceHandTest.php" tests="4" assertions="6" errors="0" warnings="0" failures="0" skipped="0" time="0.002931">
        <testcase name="testCreateDiceHandNoArguments" class="App\Dice\DiceHandTest" classname="App.Dice.DiceHandTest" file="/home/jacobs0/dbwebb-kurser/mvc/me/report/tests/Dice/DiceHandTest.php" line="16" assertions="1" time="0.001399"/>
        <testcase name="testAddDiceToDiceHand" class="App\Dice\DiceHandTest" classname="App.Dice.DiceHandTest" file="/home/jacobs0/dbwebb-kurser/mvc/me/report/tests/Dice/DiceHandTest.php" line="25" assertions="1" time="0.000536"/>
        <testcase name="testRollDiceInDiceHandAndGetSum" class="App\Dice\DiceHandTest" classname="App.Dice.DiceHandTest" file="/home/jacobs0/dbwebb-kurser/mvc/me/report/tests/Dice/DiceHandTest.php" line="41" assertions="2" time="0.000492"/>
        <testcase name="testRollDiceInDiceHandAndGetAsString" class="App\Dice\DiceHandTest" classname="App.Dice.DiceHandTest" file="/home/jacobs0/dbwebb-kurser/mvc/me/report/tests/Dice/DiceHandTest.php" line="67" assertions="2" time="0.000505"/>
      </testsuite>
      <testsuite name="App\Dice\DiceTest" file="/home/jacobs0/dbwebb-kurser/mvc/me/report/tests/Dice/DiceTest.php" tests="2" assertions="3" errors="0" warnings="0" failures="0" skipped="0" time="0.001397">
        <testcase name="testCreateDiceNoArguments" class="App\Dice\DiceTest" classname="App.Dice.DiceTest" file="/home/jacobs0/dbwebb-kurser/mvc/me/report/tests/Dice/DiceTest.php" line="16" assertions="1" time="0.000471"/>
        <testcase name="testRollDiceAndGetValue" class="App\Dice\DiceTest" classname="App.Dice.DiceTest" file="/home/jacobs0/dbwebb-kurser/mvc/me/report/tests/Dice/DiceTest.php" line="25" assertions="2" time="0.000925"/>
      </testsuite>
    </testsuite>
  </testsuite>
</testsuites>
